{"C:\\Users\\Admin\\Desktop\\testing-and-debugging-ensuring-mern-app-reliability-Sundra731\\server\\debug.js": {"path":"C:\\Users\\Admin\\Desktop\\testing-and-debugging-ensuring-mern-app-reliability-Sundra731\\server\\debug.js","statementMap":{"0":{"start":{"line":3,"column":13},"end":{"line":3,"column":28}},"1":{"start":{"line":12,"column":20},"end":{"line":12,"column":44}},"2":{"start":{"line":13,"column":21},"end":{"line":13,"column":73}},"3":{"start":{"line":15,"column":2},"end":{"line":29,"column":3}},"4":{"start":{"line":17,"column":6},"end":{"line":17,"column":78}},"5":{"start":{"line":18,"column":6},"end":{"line":18,"column":12}},"6":{"start":{"line":20,"column":6},"end":{"line":20,"column":77}},"7":{"start":{"line":21,"column":6},"end":{"line":21,"column":12}},"8":{"start":{"line":23,"column":6},"end":{"line":25,"column":7}},"9":{"start":{"line":24,"column":8},"end":{"line":24,"column":80}},"10":{"start":{"line":26,"column":6},"end":{"line":26,"column":12}},"11":{"start":{"line":28,"column":6},"end":{"line":28,"column":76}},"12":{"start":{"line":39,"column":16},"end":{"line":39,"column":26}},"13":{"start":{"line":41,"column":2},"end":{"line":45,"column":5}},"14":{"start":{"line":48,"column":23},"end":{"line":48,"column":31}},"15":{"start":{"line":49,"column":2},"end":{"line":55,"column":4}},"16":{"start":{"line":50,"column":21},"end":{"line":50,"column":39}},"17":{"start":{"line":51,"column":4},"end":{"line":53,"column":7}},"18":{"start":{"line":54,"column":4},"end":{"line":54,"column":34}},"19":{"start":{"line":57,"column":2},"end":{"line":57,"column":9}},"20":{"start":{"line":67,"column":16},"end":{"line":67,"column":39}},"21":{"start":{"line":68,"column":2},"end":{"line":79,"column":3}},"22":{"start":{"line":69,"column":19},"end":{"line":69,"column":29}},"23":{"start":{"line":70,"column":16},"end":{"line":70,"column":39}},"24":{"start":{"line":71,"column":21},"end":{"line":71,"column":50}},"25":{"start":{"line":72,"column":4},"end":{"line":72,"column":76}},"26":{"start":{"line":73,"column":4},"end":{"line":73,"column":18}},"27":{"start":{"line":75,"column":16},"end":{"line":75,"column":39}},"28":{"start":{"line":76,"column":21},"end":{"line":76,"column":50}},"29":{"start":{"line":77,"column":4},"end":{"line":77,"column":91}},"30":{"start":{"line":78,"column":4},"end":{"line":78,"column":16}},"31":{"start":{"line":86,"column":16},"end":{"line":86,"column":37}},"32":{"start":{"line":87,"column":2},"end":{"line":92,"column":5}},"33":{"start":{"line":101,"column":2},"end":{"line":107,"column":3}},"34":{"start":{"line":102,"column":4},"end":{"line":106,"column":7}},"35":{"start":{"line":116,"column":2},"end":{"line":116,"column":41}},"36":{"start":{"line":116,"column":20},"end":{"line":116,"column":41}},"37":{"start":{"line":118,"column":16},"end":{"line":118,"column":39}},"38":{"start":{"line":119,"column":25},"end":{"line":128,"column":4}},"39":{"start":{"line":120,"column":4},"end":{"line":122,"column":5}},"40":{"start":{"line":121,"column":6},"end":{"line":121,"column":26}},"41":{"start":{"line":124,"column":4},"end":{"line":126,"column":5}},"42":{"start":{"line":125,"column":6},"end":{"line":125,"column":33}},"43":{"start":{"line":127,"column":4},"end":{"line":127,"column":31}},"44":{"start":{"line":130,"column":2},"end":{"line":130,"column":35}},"45":{"start":{"line":136,"column":17},"end":{"line":168,"column":1}},"46":{"start":{"line":143,"column":4},"end":{"line":146,"column":5}},"47":{"start":{"line":144,"column":6},"end":{"line":144,"column":34}},"48":{"start":{"line":145,"column":6},"end":{"line":145,"column":65}},"49":{"start":{"line":155,"column":4},"end":{"line":165,"column":5}},"50":{"start":{"line":156,"column":6},"end":{"line":156,"column":35}},"51":{"start":{"line":157,"column":6},"end":{"line":164,"column":7}},"52":{"start":{"line":158,"column":23},"end":{"line":158,"column":33}},"53":{"start":{"line":159,"column":8},"end":{"line":159,"column":40}},"54":{"start":{"line":160,"column":8},"end":{"line":160,"column":22}},"55":{"start":{"line":162,"column":8},"end":{"line":162,"column":40}},"56":{"start":{"line":163,"column":8},"end":{"line":163,"column":20}},"57":{"start":{"line":166,"column":4},"end":{"line":166,"column":16}},"58":{"start":{"line":170,"column":0},"end":{"line":178,"column":2}}},"fnMap":{"0":{"name":"log","decl":{"start":{"line":11,"column":9},"end":{"line":11,"column":12}},"loc":{"start":{"line":11,"column":42},"end":{"line":30,"column":1}},"line":11},"1":{"name":"debugMiddleware","decl":{"start":{"line":38,"column":9},"end":{"line":38,"column":24}},"loc":{"start":{"line":38,"column":41},"end":{"line":58,"column":1}},"line":38},"2":{"name":"(anonymous_2)","decl":{"start":{"line":49,"column":13},"end":{"line":49,"column":14}},"loc":{"start":{"line":49,"column":28},"end":{"line":55,"column":3}},"line":49},"3":{"name":"monitorPerformance","decl":{"start":{"line":66,"column":15},"end":{"line":66,"column":33}},"loc":{"start":{"line":66,"column":49},"end":{"line":80,"column":1}},"line":66},"4":{"name":"logMemoryUsage","decl":{"start":{"line":85,"column":9},"end":{"line":85,"column":23}},"loc":{"start":{"line":85,"column":26},"end":{"line":93,"column":1}},"line":85},"5":{"name":"debugDatabaseQuery","decl":{"start":{"line":100,"column":9},"end":{"line":100,"column":27}},"loc":{"start":{"line":100,"column":46},"end":{"line":108,"column":1}},"line":100},"6":{"name":"formatErrorStack","decl":{"start":{"line":115,"column":9},"end":{"line":115,"column":25}},"loc":{"start":{"line":115,"column":33},"end":{"line":131,"column":1}},"line":115},"7":{"name":"(anonymous_7)","decl":{"start":{"line":119,"column":35},"end":{"line":119,"column":36}},"loc":{"start":{"line":119,"column":52},"end":{"line":128,"column":3}},"line":119},"8":{"name":"(anonymous_8)","decl":{"start":{"line":142,"column":11},"end":{"line":142,"column":12}},"loc":{"start":{"line":142,"column":49},"end":{"line":147,"column":3}},"line":142},"9":{"name":"(anonymous_9)","decl":{"start":{"line":154,"column":8},"end":{"line":154,"column":9}},"loc":{"start":{"line":154,"column":29},"end":{"line":167,"column":3}},"line":154}},"branchMap":{"0":{"loc":{"start":{"line":11,"column":29},"end":{"line":11,"column":40}},"type":"default-arg","locations":[{"start":{"line":11,"column":36},"end":{"line":11,"column":40}}],"line":11},"1":{"loc":{"start":{"line":15,"column":2},"end":{"line":29,"column":3}},"type":"switch","locations":[{"start":{"line":16,"column":4},"end":{"line":18,"column":12}},{"start":{"line":19,"column":4},"end":{"line":21,"column":12}},{"start":{"line":22,"column":4},"end":{"line":26,"column":12}},{"start":{"line":27,"column":4},"end":{"line":28,"column":76}}],"line":15},"2":{"loc":{"start":{"line":17,"column":32},"end":{"line":17,"column":76}},"type":"cond-expr","locations":[{"start":{"line":17,"column":39},"end":{"line":17,"column":71}},{"start":{"line":17,"column":74},"end":{"line":17,"column":76}}],"line":17},"3":{"loc":{"start":{"line":20,"column":31},"end":{"line":20,"column":75}},"type":"cond-expr","locations":[{"start":{"line":20,"column":38},"end":{"line":20,"column":70}},{"start":{"line":20,"column":73},"end":{"line":20,"column":75}}],"line":20},"4":{"loc":{"start":{"line":23,"column":6},"end":{"line":25,"column":7}},"type":"if","locations":[{"start":{"line":23,"column":6},"end":{"line":25,"column":7}},{"start":{},"end":{}}],"line":23},"5":{"loc":{"start":{"line":24,"column":34},"end":{"line":24,"column":78}},"type":"cond-expr","locations":[{"start":{"line":24,"column":41},"end":{"line":24,"column":73}},{"start":{"line":24,"column":76},"end":{"line":24,"column":78}}],"line":24},"6":{"loc":{"start":{"line":28,"column":30},"end":{"line":28,"column":74}},"type":"cond-expr","locations":[{"start":{"line":28,"column":37},"end":{"line":28,"column":69}},{"start":{"line":28,"column":72},"end":{"line":28,"column":74}}],"line":28},"7":{"loc":{"start":{"line":44,"column":10},"end":{"line":44,"column":53}},"type":"cond-expr","locations":[{"start":{"line":44,"column":33},"end":{"line":44,"column":41}},{"start":{"line":44,"column":44},"end":{"line":44,"column":53}}],"line":44},"8":{"loc":{"start":{"line":52,"column":21},"end":{"line":52,"column":43}},"type":"cond-expr","locations":[{"start":{"line":52,"column":28},"end":{"line":52,"column":39}},{"start":{"line":52,"column":42},"end":{"line":52,"column":43}}],"line":52},"9":{"loc":{"start":{"line":101,"column":2},"end":{"line":107,"column":3}},"type":"if","locations":[{"start":{"line":101,"column":2},"end":{"line":107,"column":3}},{"start":{},"end":{}}],"line":101},"10":{"loc":{"start":{"line":116,"column":2},"end":{"line":116,"column":41}},"type":"if","locations":[{"start":{"line":116,"column":2},"end":{"line":116,"column":41}},{"start":{},"end":{}}],"line":116},"11":{"loc":{"start":{"line":120,"column":4},"end":{"line":122,"column":5}},"type":"if","locations":[{"start":{"line":120,"column":4},"end":{"line":122,"column":5}},{"start":{},"end":{}}],"line":120},"12":{"loc":{"start":{"line":124,"column":4},"end":{"line":126,"column":5}},"type":"if","locations":[{"start":{"line":124,"column":4},"end":{"line":126,"column":5}},{"start":{},"end":{}}],"line":124},"13":{"loc":{"start":{"line":124,"column":8},"end":{"line":124,"column":57}},"type":"binary-expr","locations":[{"start":{"line":124,"column":8},"end":{"line":124,"column":32}},{"start":{"line":124,"column":36},"end":{"line":124,"column":57}}],"line":124},"14":{"loc":{"start":{"line":142,"column":17},"end":{"line":142,"column":44}},"type":"default-arg","locations":[{"start":{"line":142,"column":25},"end":{"line":142,"column":44}}],"line":142},"15":{"loc":{"start":{"line":143,"column":4},"end":{"line":146,"column":5}},"type":"if","locations":[{"start":{"line":143,"column":4},"end":{"line":146,"column":5}},{"start":{},"end":{}}],"line":143},"16":{"loc":{"start":{"line":155,"column":4},"end":{"line":165,"column":5}},"type":"if","locations":[{"start":{"line":155,"column":4},"end":{"line":165,"column":5}},{"start":{},"end":{}}],"line":155}},"s":{"0":1,"1":0,"2":0,"3":0,"4":0,"5":0,"6":0,"7":0,"8":0,"9":0,"10":0,"11":0,"12":0,"13":0,"14":0,"15":0,"16":0,"17":0,"18":0,"19":0,"20":0,"21":0,"22":0,"23":0,"24":0,"25":0,"26":0,"27":0,"28":0,"29":0,"30":0,"31":0,"32":0,"33":0,"34":0,"35":0,"36":0,"37":0,"38":0,"39":0,"40":0,"41":0,"42":0,"43":0,"44":0,"45":1,"46":0,"47":0,"48":0,"49":0,"50":0,"51":0,"52":0,"53":0,"54":0,"55":0,"56":0,"57":0,"58":1},"f":{"0":0,"1":0,"2":0,"3":0,"4":0,"5":0,"6":0,"7":0,"8":0,"9":0},"b":{"0":[0],"1":[0,0,0,0],"2":[0,0],"3":[0,0],"4":[0,0],"5":[0,0],"6":[0,0],"7":[0,0],"8":[0,0],"9":[0,0],"10":[0,0],"11":[0,0],"12":[0,0],"13":[0,0],"14":[0],"15":[0,0],"16":[0,0]},"_coverageSchema":"1a1c01bbd47fc00a2c39e90264f33305004495a9","hash":"edcb50b7d01d9a634282c6e969306fa476efb86d"}
,"C:\\Users\\Admin\\Desktop\\testing-and-debugging-ensuring-mern-app-reliability-Sundra731\\server\\src\\app.js": {"path":"C:\\Users\\Admin\\Desktop\\testing-and-debugging-ensuring-mern-app-reliability-Sundra731\\server\\src\\app.js","statementMap":{"0":{"start":{"line":1,"column":16},"end":{"line":1,"column":34}},"1":{"start":{"line":2,"column":13},"end":{"line":2,"column":28}},"2":{"start":{"line":3,"column":17},"end":{"line":3,"column":36}},"3":{"start":{"line":4,"column":0},"end":{"line":4,"column":27}},"4":{"start":{"line":6,"column":57},"end":{"line":6,"column":93}},"5":{"start":{"line":7,"column":44},"end":{"line":7,"column":63}},"6":{"start":{"line":8,"column":19},"end":{"line":8,"column":43}},"7":{"start":{"line":10,"column":12},"end":{"line":10,"column":21}},"8":{"start":{"line":13,"column":0},"end":{"line":13,"column":16}},"9":{"start":{"line":14,"column":0},"end":{"line":14,"column":41}},"10":{"start":{"line":15,"column":0},"end":{"line":15,"column":48}},"11":{"start":{"line":18,"column":0},"end":{"line":18,"column":23}},"12":{"start":{"line":21,"column":0},"end":{"line":23,"column":1}},"13":{"start":{"line":22,"column":2},"end":{"line":22,"column":27}},"14":{"start":{"line":26,"column":0},"end":{"line":26,"column":33}},"15":{"start":{"line":29,"column":0},"end":{"line":35,"column":3}},"16":{"start":{"line":30,"column":2},"end":{"line":34,"column":5}},"17":{"start":{"line":38,"column":0},"end":{"line":38,"column":25}},"18":{"start":{"line":39,"column":0},"end":{"line":39,"column":22}},"19":{"start":{"line":42,"column":18},"end":{"line":51,"column":1}},"20":{"start":{"line":43,"column":2},"end":{"line":50,"column":3}},"21":{"start":{"line":44,"column":21},"end":{"line":44,"column":87}},"22":{"start":{"line":45,"column":4},"end":{"line":45,"column":37}},"23":{"start":{"line":46,"column":4},"end":{"line":46,"column":40}},"24":{"start":{"line":48,"column":4},"end":{"line":48,"column":54}},"25":{"start":{"line":49,"column":4},"end":{"line":49,"column":20}},"26":{"start":{"line":54,"column":0},"end":{"line":54,"column":12}},"27":{"start":{"line":57,"column":0},"end":{"line":59,"column":1}},"28":{"start":{"line":58,"column":2},"end":{"line":58,"column":37}},"29":{"start":{"line":62,"column":0},"end":{"line":68,"column":3}},"30":{"start":{"line":63,"column":2},"end":{"line":63,"column":53}},"31":{"start":{"line":65,"column":2},"end":{"line":67,"column":5}},"32":{"start":{"line":66,"column":4},"end":{"line":66,"column":20}},"33":{"start":{"line":71,"column":0},"end":{"line":74,"column":3}},"34":{"start":{"line":72,"column":2},"end":{"line":72,"column":52}},"35":{"start":{"line":73,"column":2},"end":{"line":73,"column":18}},"36":{"start":{"line":76,"column":0},"end":{"line":76,"column":21}}},"fnMap":{"0":{"name":"(anonymous_0)","decl":{"start":{"line":29,"column":19},"end":{"line":29,"column":20}},"loc":{"start":{"line":29,"column":33},"end":{"line":35,"column":1}},"line":29},"1":{"name":"(anonymous_1)","decl":{"start":{"line":42,"column":18},"end":{"line":42,"column":19}},"loc":{"start":{"line":42,"column":30},"end":{"line":51,"column":1}},"line":42},"2":{"name":"(anonymous_2)","decl":{"start":{"line":62,"column":33},"end":{"line":62,"column":34}},"loc":{"start":{"line":62,"column":51},"end":{"line":68,"column":1}},"line":62},"3":{"name":"(anonymous_3)","decl":{"start":{"line":65,"column":15},"end":{"line":65,"column":16}},"loc":{"start":{"line":65,"column":21},"end":{"line":67,"column":3}},"line":65},"4":{"name":"(anonymous_4)","decl":{"start":{"line":71,"column":32},"end":{"line":71,"column":33}},"loc":{"start":{"line":71,"column":41},"end":{"line":74,"column":1}},"line":71}},"branchMap":{"0":{"loc":{"start":{"line":21,"column":0},"end":{"line":23,"column":1}},"type":"if","locations":[{"start":{"line":21,"column":0},"end":{"line":23,"column":1}},{"start":{},"end":{}}],"line":21},"1":{"loc":{"start":{"line":44,"column":21},"end":{"line":44,"column":87}},"type":"binary-expr","locations":[{"start":{"line":44,"column":21},"end":{"line":44,"column":44}},{"start":{"line":44,"column":48},"end":{"line":44,"column":87}}],"line":44},"2":{"loc":{"start":{"line":57,"column":0},"end":{"line":59,"column":1}},"type":"if","locations":[{"start":{"line":57,"column":0},"end":{"line":59,"column":1}},{"start":{},"end":{}}],"line":57}},"s":{"0":1,"1":1,"2":1,"3":1,"4":1,"5":1,"6":1,"7":1,"8":1,"9":1,"10":1,"11":1,"12":1,"13":0,"14":1,"15":1,"16":0,"17":1,"18":1,"19":1,"20":1,"21":1,"22":1,"23":1,"24":0,"25":0,"26":1,"27":1,"28":0,"29":1,"30":0,"31":0,"32":0,"33":1,"34":0,"35":0,"36":1},"f":{"0":0,"1":1,"2":0,"3":0,"4":0},"b":{"0":[0,1],"1":[1,0],"2":[0,1]},"_coverageSchema":"1a1c01bbd47fc00a2c39e90264f33305004495a9","hash":"b88ef93eae36597e9b094ea0b29d33b8ae56cbdd"}
,"C:\\Users\\Admin\\Desktop\\testing-and-debugging-ensuring-mern-app-reliability-Sundra731\\server\\src\\middleware\\errorHandler.js": {"path":"C:\\Users\\Admin\\Desktop\\testing-and-debugging-ensuring-mern-app-reliability-Sundra731\\server\\src\\middleware\\errorHandler.js","statementMap":{"0":{"start":{"line":10,"column":21},"end":{"line":49,"column":1}},"1":{"start":{"line":11,"column":2},"end":{"line":17,"column":5}},"2":{"start":{"line":20,"column":2},"end":{"line":26,"column":3}},"3":{"start":{"line":21,"column":19},"end":{"line":21,"column":64}},"4":{"start":{"line":21,"column":54},"end":{"line":21,"column":63}},"5":{"start":{"line":22,"column":4},"end":{"line":25,"column":7}},"6":{"start":{"line":29,"column":2},"end":{"line":33,"column":3}},"7":{"start":{"line":30,"column":4},"end":{"line":32,"column":7}},"8":{"start":{"line":36,"column":2},"end":{"line":42,"column":3}},"9":{"start":{"line":37,"column":18},"end":{"line":37,"column":46}},"10":{"start":{"line":38,"column":4},"end":{"line":41,"column":7}},"11":{"start":{"line":45,"column":2},"end":{"line":48,"column":5}},"12":{"start":{"line":57,"column":24},"end":{"line":68,"column":1}},"13":{"start":{"line":58,"column":2},"end":{"line":62,"column":5}},"14":{"start":{"line":64,"column":2},"end":{"line":67,"column":5}},"15":{"start":{"line":76,"column":22},"end":{"line":99,"column":1}},"16":{"start":{"line":77,"column":16},"end":{"line":77,"column":26}},"17":{"start":{"line":80,"column":2},"end":{"line":84,"column":5}},"18":{"start":{"line":87,"column":2},"end":{"line":96,"column":5}},"19":{"start":{"line":88,"column":21},"end":{"line":88,"column":39}},"20":{"start":{"line":89,"column":4},"end":{"line":95,"column":7}},"21":{"start":{"line":98,"column":2},"end":{"line":98,"column":9}},"22":{"start":{"line":101,"column":0},"end":{"line":105,"column":2}}},"fnMap":{"0":{"name":"(anonymous_0)","decl":{"start":{"line":10,"column":21},"end":{"line":10,"column":22}},"loc":{"start":{"line":10,"column":46},"end":{"line":49,"column":1}},"line":10},"1":{"name":"(anonymous_1)","decl":{"start":{"line":21,"column":49},"end":{"line":21,"column":50}},"loc":{"start":{"line":21,"column":54},"end":{"line":21,"column":63}},"line":21},"2":{"name":"(anonymous_2)","decl":{"start":{"line":57,"column":24},"end":{"line":57,"column":25}},"loc":{"start":{"line":57,"column":44},"end":{"line":68,"column":1}},"line":57},"3":{"name":"(anonymous_3)","decl":{"start":{"line":76,"column":22},"end":{"line":76,"column":23}},"loc":{"start":{"line":76,"column":42},"end":{"line":99,"column":1}},"line":76},"4":{"name":"(anonymous_4)","decl":{"start":{"line":87,"column":19},"end":{"line":87,"column":20}},"loc":{"start":{"line":87,"column":25},"end":{"line":96,"column":3}},"line":87}},"branchMap":{"0":{"loc":{"start":{"line":20,"column":2},"end":{"line":26,"column":3}},"type":"if","locations":[{"start":{"line":20,"column":2},"end":{"line":26,"column":3}},{"start":{},"end":{}}],"line":20},"1":{"loc":{"start":{"line":29,"column":2},"end":{"line":33,"column":3}},"type":"if","locations":[{"start":{"line":29,"column":2},"end":{"line":33,"column":3}},{"start":{},"end":{}}],"line":29},"2":{"loc":{"start":{"line":36,"column":2},"end":{"line":42,"column":3}},"type":"if","locations":[{"start":{"line":36,"column":2},"end":{"line":42,"column":3}},{"start":{},"end":{}}],"line":36},"3":{"loc":{"start":{"line":47,"column":13},"end":{"line":47,"column":90}},"type":"cond-expr","locations":[{"start":{"line":47,"column":54},"end":{"line":47,"column":65}},{"start":{"line":47,"column":68},"end":{"line":47,"column":90}}],"line":47}},"s":{"0":1,"1":0,"2":0,"3":0,"4":0,"5":0,"6":0,"7":0,"8":0,"9":0,"10":0,"11":0,"12":1,"13":0,"14":0,"15":1,"16":17,"17":17,"18":17,"19":17,"20":17,"21":17,"22":1},"f":{"0":0,"1":0,"2":0,"3":17,"4":17},"b":{"0":[0,0],"1":[0,0],"2":[0,0],"3":[0,0]},"_coverageSchema":"1a1c01bbd47fc00a2c39e90264f33305004495a9","hash":"b4d9789e05cd649e37927f80a63abba76d99da5f"}
,"C:\\Users\\Admin\\Desktop\\testing-and-debugging-ensuring-mern-app-reliability-Sundra731\\server\\src\\models\\Bug.js": {"path":"C:\\Users\\Admin\\Desktop\\testing-and-debugging-ensuring-mern-app-reliability-Sundra731\\server\\src\\models\\Bug.js","statementMap":{"0":{"start":{"line":1,"column":17},"end":{"line":1,"column":36}},"1":{"start":{"line":3,"column":18},"end":{"line":48,"column":2}},"2":{"start":{"line":51,"column":0},"end":{"line":54,"column":3}},"3":{"start":{"line":52,"column":2},"end":{"line":52,"column":30}},"4":{"start":{"line":53,"column":2},"end":{"line":53,"column":9}},"5":{"start":{"line":57,"column":0},"end":{"line":57,"column":59}},"6":{"start":{"line":59,"column":0},"end":{"line":59,"column":50}}},"fnMap":{"0":{"name":"(anonymous_0)","decl":{"start":{"line":51,"column":22},"end":{"line":51,"column":23}},"loc":{"start":{"line":51,"column":37},"end":{"line":54,"column":1}},"line":51}},"branchMap":{},"s":{"0":1,"1":1,"2":1,"3":24,"4":24,"5":1,"6":1},"f":{"0":24},"b":{},"_coverageSchema":"1a1c01bbd47fc00a2c39e90264f33305004495a9","hash":"12270f951b6bbcc665f1a587e3d947380d23ee6c"}
,"C:\\Users\\Admin\\Desktop\\testing-and-debugging-ensuring-mern-app-reliability-Sundra731\\server\\src\\routes\\bugs.js": {"path":"C:\\Users\\Admin\\Desktop\\testing-and-debugging-ensuring-mern-app-reliability-Sundra731\\server\\src\\routes\\bugs.js","statementMap":{"0":{"start":{"line":1,"column":16},"end":{"line":1,"column":34}},"1":{"start":{"line":2,"column":15},"end":{"line":2,"column":31}},"2":{"start":{"line":3,"column":12},"end":{"line":3,"column":36}},"3":{"start":{"line":4,"column":62},"end":{"line":4,"column":92}},"4":{"start":{"line":7,"column":0},"end":{"line":41,"column":7}},"5":{"start":{"line":8,"column":4},"end":{"line":40,"column":5}},"6":{"start":{"line":9,"column":8},"end":{"line":9,"column":76}},"7":{"start":{"line":11,"column":59},"end":{"line":11,"column":68}},"8":{"start":{"line":12,"column":23},"end":{"line":12,"column":25}},"9":{"start":{"line":14,"column":8},"end":{"line":14,"column":43}},"10":{"start":{"line":14,"column":20},"end":{"line":14,"column":43}},"11":{"start":{"line":15,"column":8},"end":{"line":15,"column":49}},"12":{"start":{"line":15,"column":22},"end":{"line":15,"column":49}},"13":{"start":{"line":17,"column":21},"end":{"line":17,"column":59}},"14":{"start":{"line":19,"column":21},"end":{"line":22,"column":35}},"15":{"start":{"line":24,"column":22},"end":{"line":24,"column":54}},"16":{"start":{"line":26,"column":8},"end":{"line":26,"column":71}},"17":{"start":{"line":28,"column":8},"end":{"line":36,"column":11}},"18":{"start":{"line":38,"column":8},"end":{"line":38,"column":53}},"19":{"start":{"line":39,"column":8},"end":{"line":39,"column":65}},"20":{"start":{"line":44,"column":4},"end":{"line":63,"column":7}},"21":{"start":{"line":45,"column":4},"end":{"line":62,"column":5}},"22":{"start":{"line":46,"column":8},"end":{"line":46,"column":72}},"23":{"start":{"line":48,"column":8},"end":{"line":50,"column":9}},"24":{"start":{"line":49,"column":8},"end":{"line":49,"column":72}},"25":{"start":{"line":52,"column":20},"end":{"line":52,"column":53}},"26":{"start":{"line":54,"column":8},"end":{"line":56,"column":9}},"27":{"start":{"line":55,"column":8},"end":{"line":55,"column":64}},"28":{"start":{"line":58,"column":8},"end":{"line":58,"column":22}},"29":{"start":{"line":60,"column":8},"end":{"line":60,"column":52}},"30":{"start":{"line":61,"column":8},"end":{"line":61,"column":65}},"31":{"start":{"line":66,"column":4},"end":{"line":90,"column":7}},"32":{"start":{"line":67,"column":4},"end":{"line":89,"column":5}},"33":{"start":{"line":68,"column":8},"end":{"line":68,"column":68}},"34":{"start":{"line":70,"column":30},"end":{"line":70,"column":55}},"35":{"start":{"line":71,"column":27},"end":{"line":71,"column":57}},"36":{"start":{"line":73,"column":8},"end":{"line":79,"column":9}},"37":{"start":{"line":74,"column":8},"end":{"line":74,"column":61}},"38":{"start":{"line":75,"column":8},"end":{"line":78,"column":11}},"39":{"start":{"line":81,"column":20},"end":{"line":81,"column":42}},"40":{"start":{"line":82,"column":25},"end":{"line":82,"column":41}},"41":{"start":{"line":84,"column":8},"end":{"line":84,"column":63}},"42":{"start":{"line":85,"column":8},"end":{"line":85,"column":39}},"43":{"start":{"line":87,"column":8},"end":{"line":87,"column":52}},"44":{"start":{"line":88,"column":8},"end":{"line":88,"column":65}},"45":{"start":{"line":93,"column":4},"end":{"line":133,"column":7}},"46":{"start":{"line":94,"column":4},"end":{"line":132,"column":5}},"47":{"start":{"line":95,"column":8},"end":{"line":95,"column":82}},"48":{"start":{"line":97,"column":8},"end":{"line":99,"column":9}},"49":{"start":{"line":98,"column":8},"end":{"line":98,"column":72}},"50":{"start":{"line":101,"column":30},"end":{"line":101,"column":55}},"51":{"start":{"line":104,"column":25},"end":{"line":104,"column":42}},"52":{"start":{"line":105,"column":8},"end":{"line":107,"column":9}},"53":{"start":{"line":106,"column":12},"end":{"line":106,"column":56}},"54":{"start":{"line":109,"column":8},"end":{"line":115,"column":9}},"55":{"start":{"line":110,"column":8},"end":{"line":110,"column":61}},"56":{"start":{"line":111,"column":8},"end":{"line":114,"column":11}},"57":{"start":{"line":117,"column":27},"end":{"line":121,"column":9}},"58":{"start":{"line":123,"column":8},"end":{"line":125,"column":9}},"59":{"start":{"line":124,"column":8},"end":{"line":124,"column":64}},"60":{"start":{"line":127,"column":8},"end":{"line":127,"column":65}},"61":{"start":{"line":128,"column":8},"end":{"line":128,"column":29}},"62":{"start":{"line":130,"column":8},"end":{"line":130,"column":52}},"63":{"start":{"line":131,"column":8},"end":{"line":131,"column":65}},"64":{"start":{"line":136,"column":4},"end":{"line":156,"column":3}},"65":{"start":{"line":137,"column":4},"end":{"line":155,"column":5}},"66":{"start":{"line":138,"column":8},"end":{"line":138,"column":75}},"67":{"start":{"line":140,"column":8},"end":{"line":142,"column":9}},"68":{"start":{"line":141,"column":8},"end":{"line":141,"column":72}},"69":{"start":{"line":144,"column":27},"end":{"line":144,"column":69}},"70":{"start":{"line":146,"column":8},"end":{"line":148,"column":9}},"71":{"start":{"line":147,"column":8},"end":{"line":147,"column":64}},"72":{"start":{"line":150,"column":8},"end":{"line":150,"column":65}},"73":{"start":{"line":151,"column":8},"end":{"line":151,"column":58}},"74":{"start":{"line":153,"column":8},"end":{"line":153,"column":52}},"75":{"start":{"line":154,"column":8},"end":{"line":154,"column":65}},"76":{"start":{"line":158,"column":0},"end":{"line":158,"column":24}}},"fnMap":{"0":{"name":"(anonymous_0)","decl":{"start":{"line":7,"column":16},"end":{"line":7,"column":17}},"loc":{"start":{"line":7,"column":36},"end":{"line":41,"column":5}},"line":7},"1":{"name":"(anonymous_1)","decl":{"start":{"line":44,"column":23},"end":{"line":44,"column":24}},"loc":{"start":{"line":44,"column":43},"end":{"line":63,"column":5}},"line":44},"2":{"name":"(anonymous_2)","decl":{"start":{"line":66,"column":21},"end":{"line":66,"column":22}},"loc":{"start":{"line":66,"column":41},"end":{"line":90,"column":5}},"line":66},"3":{"name":"(anonymous_3)","decl":{"start":{"line":93,"column":23},"end":{"line":93,"column":24}},"loc":{"start":{"line":93,"column":43},"end":{"line":133,"column":5}},"line":93},"4":{"name":"(anonymous_4)","decl":{"start":{"line":136,"column":26},"end":{"line":136,"column":27}},"loc":{"start":{"line":136,"column":46},"end":{"line":156,"column":1}},"line":136}},"branchMap":{"0":{"loc":{"start":{"line":11,"column":34},"end":{"line":11,"column":42}},"type":"default-arg","locations":[{"start":{"line":11,"column":41},"end":{"line":11,"column":42}}],"line":11},"1":{"loc":{"start":{"line":11,"column":44},"end":{"line":11,"column":54}},"type":"default-arg","locations":[{"start":{"line":11,"column":52},"end":{"line":11,"column":54}}],"line":11},"2":{"loc":{"start":{"line":14,"column":8},"end":{"line":14,"column":43}},"type":"if","locations":[{"start":{"line":14,"column":8},"end":{"line":14,"column":43}},{"start":{},"end":{}}],"line":14},"3":{"loc":{"start":{"line":15,"column":8},"end":{"line":15,"column":49}},"type":"if","locations":[{"start":{"line":15,"column":8},"end":{"line":15,"column":49}},{"start":{},"end":{}}],"line":15},"4":{"loc":{"start":{"line":48,"column":8},"end":{"line":50,"column":9}},"type":"if","locations":[{"start":{"line":48,"column":8},"end":{"line":50,"column":9}},{"start":{},"end":{}}],"line":48},"5":{"loc":{"start":{"line":54,"column":8},"end":{"line":56,"column":9}},"type":"if","locations":[{"start":{"line":54,"column":8},"end":{"line":56,"column":9}},{"start":{},"end":{}}],"line":54},"6":{"loc":{"start":{"line":73,"column":8},"end":{"line":79,"column":9}},"type":"if","locations":[{"start":{"line":73,"column":8},"end":{"line":79,"column":9}},{"start":{},"end":{}}],"line":73},"7":{"loc":{"start":{"line":97,"column":8},"end":{"line":99,"column":9}},"type":"if","locations":[{"start":{"line":97,"column":8},"end":{"line":99,"column":9}},{"start":{},"end":{}}],"line":97},"8":{"loc":{"start":{"line":105,"column":8},"end":{"line":107,"column":9}},"type":"if","locations":[{"start":{"line":105,"column":8},"end":{"line":107,"column":9}},{"start":{},"end":{}}],"line":105},"9":{"loc":{"start":{"line":105,"column":12},"end":{"line":105,"column":74}},"type":"binary-expr","locations":[{"start":{"line":105,"column":12},"end":{"line":105,"column":49}},{"start":{"line":105,"column":53},"end":{"line":105,"column":74}}],"line":105},"10":{"loc":{"start":{"line":109,"column":8},"end":{"line":115,"column":9}},"type":"if","locations":[{"start":{"line":109,"column":8},"end":{"line":115,"column":9}},{"start":{},"end":{}}],"line":109},"11":{"loc":{"start":{"line":123,"column":8},"end":{"line":125,"column":9}},"type":"if","locations":[{"start":{"line":123,"column":8},"end":{"line":125,"column":9}},{"start":{},"end":{}}],"line":123},"12":{"loc":{"start":{"line":140,"column":8},"end":{"line":142,"column":9}},"type":"if","locations":[{"start":{"line":140,"column":8},"end":{"line":142,"column":9}},{"start":{},"end":{}}],"line":140},"13":{"loc":{"start":{"line":146,"column":8},"end":{"line":148,"column":9}},"type":"if","locations":[{"start":{"line":146,"column":8},"end":{"line":148,"column":9}},{"start":{},"end":{}}],"line":146}},"s":{"0":1,"1":1,"2":1,"3":1,"4":1,"5":4,"6":4,"7":4,"8":4,"9":4,"10":1,"11":4,"12":1,"13":4,"14":4,"15":4,"16":4,"17":4,"18":0,"19":0,"20":1,"21":3,"22":3,"23":3,"24":1,"25":2,"26":2,"27":1,"28":1,"29":0,"30":0,"31":1,"32":4,"33":4,"34":4,"35":4,"36":4,"37":1,"38":1,"39":3,"40":3,"41":3,"42":3,"43":0,"44":0,"45":1,"46":3,"47":3,"48":3,"49":0,"50":3,"51":3,"52":3,"53":3,"54":3,"55":1,"56":1,"57":2,"58":2,"59":1,"60":1,"61":1,"62":0,"63":0,"64":1,"65":3,"66":3,"67":3,"68":1,"69":2,"70":2,"71":1,"72":1,"73":1,"74":0,"75":0,"76":1},"f":{"0":4,"1":3,"2":4,"3":3,"4":3},"b":{"0":[3],"1":[3],"2":[1,3],"3":[1,3],"4":[1,2],"5":[1,1],"6":[1,3],"7":[0,3],"8":[3,0],"9":[3,0],"10":[1,2],"11":[1,1],"12":[1,2],"13":[1,1]},"_coverageSchema":"1a1c01bbd47fc00a2c39e90264f33305004495a9","hash":"f2c01de6dd67ea7f11190e3edb0fccb1ede709f3"}
,"C:\\Users\\Admin\\Desktop\\testing-and-debugging-ensuring-mern-app-reliability-Sundra731\\server\\src\\utils\\validation.js": {"path":"C:\\Users\\Admin\\Desktop\\testing-and-debugging-ensuring-mern-app-reliability-Sundra731\\server\\src\\utils\\validation.js","statementMap":{"0":{"start":{"line":9,"column":17},"end":{"line":9,"column":19}},"1":{"start":{"line":12,"column":2},"end":{"line":18,"column":3}},"2":{"start":{"line":13,"column":4},"end":{"line":13,"column":58}},"3":{"start":{"line":14,"column":9},"end":{"line":18,"column":3}},"4":{"start":{"line":15,"column":4},"end":{"line":15,"column":41}},"5":{"start":{"line":16,"column":9},"end":{"line":18,"column":3}},"6":{"start":{"line":17,"column":4},"end":{"line":17,"column":54}},"7":{"start":{"line":21,"column":2},"end":{"line":27,"column":3}},"8":{"start":{"line":22,"column":4},"end":{"line":22,"column":64}},"9":{"start":{"line":23,"column":9},"end":{"line":27,"column":3}},"10":{"start":{"line":24,"column":4},"end":{"line":24,"column":47}},"11":{"start":{"line":25,"column":9},"end":{"line":27,"column":3}},"12":{"start":{"line":26,"column":4},"end":{"line":26,"column":61}},"13":{"start":{"line":30,"column":24},"end":{"line":30,"column":69}},"14":{"start":{"line":31,"column":2},"end":{"line":33,"column":3}},"15":{"start":{"line":32,"column":4},"end":{"line":32,"column":78}},"16":{"start":{"line":36,"column":26},"end":{"line":36,"column":63}},"17":{"start":{"line":37,"column":2},"end":{"line":39,"column":3}},"18":{"start":{"line":38,"column":4},"end":{"line":38,"column":72}},"19":{"start":{"line":42,"column":2},"end":{"line":46,"column":3}},"20":{"start":{"line":43,"column":4},"end":{"line":43,"column":61}},"21":{"start":{"line":44,"column":9},"end":{"line":46,"column":3}},"22":{"start":{"line":45,"column":4},"end":{"line":45,"column":44}},"23":{"start":{"line":49,"column":2},"end":{"line":51,"column":3}},"24":{"start":{"line":50,"column":4},"end":{"line":50,"column":45}},"25":{"start":{"line":54,"column":2},"end":{"line":64,"column":3}},"26":{"start":{"line":55,"column":4},"end":{"line":63,"column":5}},"27":{"start":{"line":56,"column":6},"end":{"line":56,"column":43}},"28":{"start":{"line":58,"column":6},"end":{"line":62,"column":9}},"29":{"start":{"line":59,"column":8},"end":{"line":61,"column":9}},"30":{"start":{"line":60,"column":10},"end":{"line":60,"column":64}},"31":{"start":{"line":66,"column":2},"end":{"line":69,"column":4}},"32":{"start":{"line":78,"column":20},"end":{"line":78,"column":34}},"33":{"start":{"line":81,"column":2},"end":{"line":85,"column":5}},"34":{"start":{"line":82,"column":4},"end":{"line":84,"column":5}},"35":{"start":{"line":83,"column":6},"end":{"line":83,"column":49}},"36":{"start":{"line":88,"column":2},"end":{"line":93,"column":3}},"37":{"start":{"line":89,"column":4},"end":{"line":92,"column":37}},"38":{"start":{"line":90,"column":21},"end":{"line":90,"column":44}},"39":{"start":{"line":91,"column":18},"end":{"line":91,"column":28}},"40":{"start":{"line":92,"column":21},"end":{"line":92,"column":35}},"41":{"start":{"line":95,"column":2},"end":{"line":95,"column":19}},"42":{"start":{"line":104,"column":2},"end":{"line":104,"column":38}},"43":{"start":{"line":107,"column":0},"end":{"line":111,"column":2}}},"fnMap":{"0":{"name":"validateBugData","decl":{"start":{"line":8,"column":9},"end":{"line":8,"column":24}},"loc":{"start":{"line":8,"column":34},"end":{"line":70,"column":1}},"line":8},"1":{"name":"(anonymous_1)","decl":{"start":{"line":58,"column":27},"end":{"line":58,"column":28}},"loc":{"start":{"line":58,"column":43},"end":{"line":62,"column":7}},"line":58},"2":{"name":"sanitizeBugData","decl":{"start":{"line":77,"column":9},"end":{"line":77,"column":24}},"loc":{"start":{"line":77,"column":34},"end":{"line":96,"column":1}},"line":77},"3":{"name":"(anonymous_3)","decl":{"start":{"line":81,"column":59},"end":{"line":81,"column":60}},"loc":{"start":{"line":81,"column":68},"end":{"line":85,"column":3}},"line":81},"4":{"name":"(anonymous_4)","decl":{"start":{"line":90,"column":14},"end":{"line":90,"column":15}},"loc":{"start":{"line":90,"column":21},"end":{"line":90,"column":44}},"line":90},"5":{"name":"(anonymous_5)","decl":{"start":{"line":91,"column":11},"end":{"line":91,"column":12}},"loc":{"start":{"line":91,"column":18},"end":{"line":91,"column":28}},"line":91},"6":{"name":"(anonymous_6)","decl":{"start":{"line":92,"column":14},"end":{"line":92,"column":15}},"loc":{"start":{"line":92,"column":21},"end":{"line":92,"column":35}},"line":92},"7":{"name":"isValidObjectId","decl":{"start":{"line":103,"column":9},"end":{"line":103,"column":24}},"loc":{"start":{"line":103,"column":29},"end":{"line":105,"column":1}},"line":103}},"branchMap":{"0":{"loc":{"start":{"line":12,"column":2},"end":{"line":18,"column":3}},"type":"if","locations":[{"start":{"line":12,"column":2},"end":{"line":18,"column":3}},{"start":{"line":14,"column":9},"end":{"line":18,"column":3}}],"line":12},"1":{"loc":{"start":{"line":12,"column":6},"end":{"line":12,"column":57}},"type":"binary-expr","locations":[{"start":{"line":12,"column":6},"end":{"line":12,"column":20}},{"start":{"line":12,"column":24},"end":{"line":12,"column":57}}],"line":12},"2":{"loc":{"start":{"line":14,"column":9},"end":{"line":18,"column":3}},"type":"if","locations":[{"start":{"line":14,"column":9},"end":{"line":18,"column":3}},{"start":{"line":16,"column":9},"end":{"line":18,"column":3}}],"line":14},"3":{"loc":{"start":{"line":16,"column":9},"end":{"line":18,"column":3}},"type":"if","locations":[{"start":{"line":16,"column":9},"end":{"line":18,"column":3}},{"start":{},"end":{}}],"line":16},"4":{"loc":{"start":{"line":21,"column":2},"end":{"line":27,"column":3}},"type":"if","locations":[{"start":{"line":21,"column":2},"end":{"line":27,"column":3}},{"start":{"line":23,"column":9},"end":{"line":27,"column":3}}],"line":21},"5":{"loc":{"start":{"line":21,"column":6},"end":{"line":21,"column":69}},"type":"binary-expr","locations":[{"start":{"line":21,"column":6},"end":{"line":21,"column":26}},{"start":{"line":21,"column":30},"end":{"line":21,"column":69}}],"line":21},"6":{"loc":{"start":{"line":23,"column":9},"end":{"line":27,"column":3}},"type":"if","locations":[{"start":{"line":23,"column":9},"end":{"line":27,"column":3}},{"start":{"line":25,"column":9},"end":{"line":27,"column":3}}],"line":23},"7":{"loc":{"start":{"line":25,"column":9},"end":{"line":27,"column":3}},"type":"if","locations":[{"start":{"line":25,"column":9},"end":{"line":27,"column":3}},{"start":{},"end":{}}],"line":25},"8":{"loc":{"start":{"line":31,"column":2},"end":{"line":33,"column":3}},"type":"if","locations":[{"start":{"line":31,"column":2},"end":{"line":33,"column":3}},{"start":{},"end":{}}],"line":31},"9":{"loc":{"start":{"line":31,"column":6},"end":{"line":31,"column":77}},"type":"binary-expr","locations":[{"start":{"line":31,"column":6},"end":{"line":31,"column":34}},{"start":{"line":31,"column":38},"end":{"line":31,"column":77}}],"line":31},"10":{"loc":{"start":{"line":37,"column":2},"end":{"line":39,"column":3}},"type":"if","locations":[{"start":{"line":37,"column":2},"end":{"line":39,"column":3}},{"start":{},"end":{}}],"line":37},"11":{"loc":{"start":{"line":37,"column":6},"end":{"line":37,"column":69}},"type":"binary-expr","locations":[{"start":{"line":37,"column":6},"end":{"line":37,"column":22}},{"start":{"line":37,"column":26},"end":{"line":37,"column":69}}],"line":37},"12":{"loc":{"start":{"line":42,"column":2},"end":{"line":46,"column":3}},"type":"if","locations":[{"start":{"line":42,"column":2},"end":{"line":46,"column":3}},{"start":{"line":44,"column":9},"end":{"line":46,"column":3}}],"line":42},"13":{"loc":{"start":{"line":42,"column":6},"end":{"line":42,"column":63}},"type":"binary-expr","locations":[{"start":{"line":42,"column":6},"end":{"line":42,"column":23}},{"start":{"line":42,"column":27},"end":{"line":42,"column":63}}],"line":42},"14":{"loc":{"start":{"line":44,"column":9},"end":{"line":46,"column":3}},"type":"if","locations":[{"start":{"line":44,"column":9},"end":{"line":46,"column":3}},{"start":{},"end":{}}],"line":44},"15":{"loc":{"start":{"line":49,"column":2},"end":{"line":51,"column":3}},"type":"if","locations":[{"start":{"line":49,"column":2},"end":{"line":51,"column":3}},{"start":{},"end":{}}],"line":49},"16":{"loc":{"start":{"line":49,"column":6},"end":{"line":49,"column":62}},"type":"binary-expr","locations":[{"start":{"line":49,"column":6},"end":{"line":49,"column":22}},{"start":{"line":49,"column":26},"end":{"line":49,"column":62}}],"line":49},"17":{"loc":{"start":{"line":54,"column":2},"end":{"line":64,"column":3}},"type":"if","locations":[{"start":{"line":54,"column":2},"end":{"line":64,"column":3}},{"start":{},"end":{}}],"line":54},"18":{"loc":{"start":{"line":55,"column":4},"end":{"line":63,"column":5}},"type":"if","locations":[{"start":{"line":55,"column":4},"end":{"line":63,"column":5}},{"start":{"line":57,"column":11},"end":{"line":63,"column":5}}],"line":55},"19":{"loc":{"start":{"line":59,"column":8},"end":{"line":61,"column":9}},"type":"if","locations":[{"start":{"line":59,"column":8},"end":{"line":61,"column":9}},{"start":{},"end":{}}],"line":59},"20":{"loc":{"start":{"line":82,"column":4},"end":{"line":84,"column":5}},"type":"if","locations":[{"start":{"line":82,"column":4},"end":{"line":84,"column":5}},{"start":{},"end":{}}],"line":82},"21":{"loc":{"start":{"line":82,"column":8},"end":{"line":82,"column":64}},"type":"binary-expr","locations":[{"start":{"line":82,"column":8},"end":{"line":82,"column":24}},{"start":{"line":82,"column":28},"end":{"line":82,"column":64}}],"line":82},"22":{"loc":{"start":{"line":88,"column":2},"end":{"line":93,"column":3}},"type":"if","locations":[{"start":{"line":88,"column":2},"end":{"line":93,"column":3}},{"start":{},"end":{}}],"line":88},"23":{"loc":{"start":{"line":88,"column":6},"end":{"line":88,"column":53}},"type":"binary-expr","locations":[{"start":{"line":88,"column":6},"end":{"line":88,"column":20}},{"start":{"line":88,"column":24},"end":{"line":88,"column":53}}],"line":88}},"s":{"0":20,"1":20,"2":3,"3":17,"4":1,"5":16,"6":1,"7":20,"8":2,"9":18,"10":0,"11":18,"12":1,"13":20,"14":20,"15":1,"16":20,"17":20,"18":1,"19":20,"20":1,"21":19,"22":0,"23":20,"24":1,"25":20,"26":4,"27":1,"28":3,"29":7,"30":1,"31":20,"32":10,"33":10,"34":40,"35":28,"36":10,"37":3,"38":11,"39":11,"40":11,"41":10,"42":15,"43":2},"f":{"0":20,"1":7,"2":10,"3":40,"4":11,"5":11,"6":11,"7":15},"b":{"0":[3,17],"1":[20,17],"2":[1,16],"3":[1,15],"4":[2,18],"5":[20,18],"6":[0,18],"7":[1,17],"8":[1,19],"9":[20,4],"10":[1,19],"11":[20,3],"12":[1,19],"13":[20,19],"14":[0,19],"15":[1,19],"16":[20,2],"17":[4,16],"18":[1,3],"19":[1,6],"20":[28,12],"21":[40,28],"22":[3,7],"23":[10,3]},"_coverageSchema":"1a1c01bbd47fc00a2c39e90264f33305004495a9","hash":"91b02070a9061a3cc986c5aae57ba6aaac9e002a"}
}
