TN:
SF:debug.js
FN:11,log
FN:38,debugMiddleware
FN:49,(anonymous_2)
FN:66,monitorPerformance
FN:85,logMemoryUsage
FN:100,debugDatabaseQuery
FN:115,formatErrorStack
FN:119,(anonymous_7)
FN:142,(anonymous_8)
FN:154,(anonymous_9)
FNF:10
FNH:0
FNDA:0,log
FNDA:0,debugMiddleware
FNDA:0,(anonymous_2)
FNDA:0,monitorPerformance
FNDA:0,logMemoryUsage
FNDA:0,debugDatabaseQuery
FNDA:0,formatErrorStack
FNDA:0,(anonymous_7)
FNDA:0,(anonymous_8)
FNDA:0,(anonymous_9)
DA:3,1
DA:12,0
DA:13,0
DA:15,0
DA:17,0
DA:18,0
DA:20,0
DA:21,0
DA:23,0
DA:24,0
DA:26,0
DA:28,0
DA:39,0
DA:41,0
DA:48,0
DA:49,0
DA:50,0
DA:51,0
DA:54,0
DA:57,0
DA:67,0
DA:68,0
DA:69,0
DA:70,0
DA:71,0
DA:72,0
DA:73,0
DA:75,0
DA:76,0
DA:77,0
DA:78,0
DA:86,0
DA:87,0
DA:101,0
DA:102,0
DA:116,0
DA:118,0
DA:119,0
DA:120,0
DA:121,0
DA:124,0
DA:125,0
DA:127,0
DA:130,0
DA:136,1
DA:143,0
DA:144,0
DA:145,0
DA:155,0
DA:156,0
DA:157,0
DA:158,0
DA:159,0
DA:160,0
DA:162,0
DA:163,0
DA:166,0
DA:170,1
LF:58
LH:3
BRDA:11,0,0,0
BRDA:15,1,0,0
BRDA:15,1,1,0
BRDA:15,1,2,0
BRDA:15,1,3,0
BRDA:17,2,0,0
BRDA:17,2,1,0
BRDA:20,3,0,0
BRDA:20,3,1,0
BRDA:23,4,0,0
BRDA:23,4,1,0
BRDA:24,5,0,0
BRDA:24,5,1,0
BRDA:28,6,0,0
BRDA:28,6,1,0
BRDA:44,7,0,0
BRDA:44,7,1,0
BRDA:52,8,0,0
BRDA:52,8,1,0
BRDA:101,9,0,0
BRDA:101,9,1,0
BRDA:116,10,0,0
BRDA:116,10,1,0
BRDA:120,11,0,0
BRDA:120,11,1,0
BRDA:124,12,0,0
BRDA:124,12,1,0
BRDA:124,13,0,0
BRDA:124,13,1,0
BRDA:142,14,0,0
BRDA:143,15,0,0
BRDA:143,15,1,0
BRDA:155,16,0,0
BRDA:155,16,1,0
BRF:34
BRH:0
end_of_record
TN:
SF:src\app.js
FN:29,(anonymous_0)
FN:42,(anonymous_1)
FN:62,(anonymous_2)
FN:65,(anonymous_3)
FN:71,(anonymous_4)
FNF:5
FNH:1
FNDA:0,(anonymous_0)
FNDA:1,(anonymous_1)
FNDA:0,(anonymous_2)
FNDA:0,(anonymous_3)
FNDA:0,(anonymous_4)
DA:1,1
DA:2,1
DA:3,1
DA:4,1
DA:6,1
DA:7,1
DA:8,1
DA:10,1
DA:13,1
DA:14,1
DA:15,1
DA:18,1
DA:21,1
DA:22,0
DA:26,1
DA:29,1
DA:30,0
DA:38,1
DA:39,1
DA:42,1
DA:43,1
DA:44,1
DA:45,1
DA:46,1
DA:48,0
DA:49,0
DA:54,1
DA:57,1
DA:58,0
DA:62,1
DA:63,0
DA:65,0
DA:66,0
DA:71,1
DA:72,0
DA:73,0
DA:76,1
LF:37
LH:27
BRDA:21,0,0,0
BRDA:21,0,1,1
BRDA:44,1,0,1
BRDA:44,1,1,0
BRDA:57,2,0,0
BRDA:57,2,1,1
BRF:6
BRH:3
end_of_record
TN:
SF:src\middleware\errorHandler.js
FN:10,(anonymous_0)
FN:21,(anonymous_1)
FN:57,(anonymous_2)
FN:76,(anonymous_3)
FN:87,(anonymous_4)
FNF:5
FNH:2
FNDA:0,(anonymous_0)
FNDA:0,(anonymous_1)
FNDA:0,(anonymous_2)
FNDA:17,(anonymous_3)
FNDA:17,(anonymous_4)
DA:10,1
DA:11,0
DA:20,0
DA:21,0
DA:22,0
DA:29,0
DA:30,0
DA:36,0
DA:37,0
DA:38,0
DA:45,0
DA:57,1
DA:58,0
DA:64,0
DA:76,1
DA:77,17
DA:80,17
DA:87,17
DA:88,17
DA:89,17
DA:98,17
DA:101,1
LF:22
LH:10
BRDA:20,0,0,0
BRDA:20,0,1,0
BRDA:29,1,0,0
BRDA:29,1,1,0
BRDA:36,2,0,0
BRDA:36,2,1,0
BRDA:47,3,0,0
BRDA:47,3,1,0
BRF:8
BRH:0
end_of_record
TN:
SF:src\models\Bug.js
FN:51,(anonymous_0)
FNF:1
FNH:1
FNDA:24,(anonymous_0)
DA:1,1
DA:3,1
DA:51,1
DA:52,24
DA:53,24
DA:57,1
DA:59,1
LF:7
LH:7
BRF:0
BRH:0
end_of_record
TN:
SF:src\routes\bugs.js
FN:7,(anonymous_0)
FN:44,(anonymous_1)
FN:66,(anonymous_2)
FN:93,(anonymous_3)
FN:136,(anonymous_4)
FNF:5
FNH:5
FNDA:4,(anonymous_0)
FNDA:3,(anonymous_1)
FNDA:4,(anonymous_2)
FNDA:3,(anonymous_3)
FNDA:3,(anonymous_4)
DA:1,1
DA:2,1
DA:3,1
DA:4,1
DA:7,1
DA:8,4
DA:9,4
DA:11,4
DA:12,4
DA:14,4
DA:15,4
DA:17,4
DA:19,4
DA:24,4
DA:26,4
DA:28,4
DA:38,0
DA:39,0
DA:44,1
DA:45,3
DA:46,3
DA:48,3
DA:49,1
DA:52,2
DA:54,2
DA:55,1
DA:58,1
DA:60,0
DA:61,0
DA:66,1
DA:67,4
DA:68,4
DA:70,4
DA:71,4
DA:73,4
DA:74,1
DA:75,1
DA:81,3
DA:82,3
DA:84,3
DA:85,3
DA:87,0
DA:88,0
DA:93,1
DA:94,3
DA:95,3
DA:97,3
DA:98,0
DA:101,3
DA:104,3
DA:105,3
DA:106,3
DA:109,3
DA:110,1
DA:111,1
DA:117,2
DA:123,2
DA:124,1
DA:127,1
DA:128,1
DA:130,0
DA:131,0
DA:136,1
DA:137,3
DA:138,3
DA:140,3
DA:141,1
DA:144,2
DA:146,2
DA:147,1
DA:150,1
DA:151,1
DA:153,0
DA:154,0
DA:158,1
LF:75
LH:64
BRDA:11,0,0,3
BRDA:11,1,0,3
BRDA:14,2,0,1
BRDA:14,2,1,3
BRDA:15,3,0,1
BRDA:15,3,1,3
BRDA:48,4,0,1
BRDA:48,4,1,2
BRDA:54,5,0,1
BRDA:54,5,1,1
BRDA:73,6,0,1
BRDA:73,6,1,3
BRDA:97,7,0,0
BRDA:97,7,1,3
BRDA:105,8,0,3
BRDA:105,8,1,0
BRDA:105,9,0,3
BRDA:105,9,1,0
BRDA:109,10,0,1
BRDA:109,10,1,2
BRDA:123,11,0,1
BRDA:123,11,1,1
BRDA:140,12,0,1
BRDA:140,12,1,2
BRDA:146,13,0,1
BRDA:146,13,1,1
BRF:26
BRH:23
end_of_record
TN:
SF:src\utils\validation.js
FN:8,validateBugData
FN:58,(anonymous_1)
FN:77,sanitizeBugData
FN:81,(anonymous_3)
FN:90,(anonymous_4)
FN:91,(anonymous_5)
FN:92,(anonymous_6)
FN:103,isValidObjectId
FNF:8
FNH:8
FNDA:20,validateBugData
FNDA:7,(anonymous_1)
FNDA:10,sanitizeBugData
FNDA:40,(anonymous_3)
FNDA:11,(anonymous_4)
FNDA:11,(anonymous_5)
FNDA:11,(anonymous_6)
FNDA:15,isValidObjectId
DA:9,20
DA:12,20
DA:13,3
DA:14,17
DA:15,1
DA:16,16
DA:17,1
DA:21,20
DA:22,2
DA:23,18
DA:24,0
DA:25,18
DA:26,1
DA:30,20
DA:31,20
DA:32,1
DA:36,20
DA:37,20
DA:38,1
DA:42,20
DA:43,1
DA:44,19
DA:45,0
DA:49,20
DA:50,1
DA:54,20
DA:55,4
DA:56,1
DA:58,3
DA:59,7
DA:60,1
DA:66,20
DA:78,10
DA:81,10
DA:82,40
DA:83,28
DA:88,10
DA:89,3
DA:90,11
DA:91,11
DA:92,11
DA:95,10
DA:104,15
DA:107,2
LF:44
LH:42
BRDA:12,0,0,3
BRDA:12,0,1,17
BRDA:12,1,0,20
BRDA:12,1,1,17
BRDA:14,2,0,1
BRDA:14,2,1,16
BRDA:16,3,0,1
BRDA:16,3,1,15
BRDA:21,4,0,2
BRDA:21,4,1,18
BRDA:21,5,0,20
BRDA:21,5,1,18
BRDA:23,6,0,0
BRDA:23,6,1,18
BRDA:25,7,0,1
BRDA:25,7,1,17
BRDA:31,8,0,1
BRDA:31,8,1,19
BRDA:31,9,0,20
BRDA:31,9,1,4
BRDA:37,10,0,1
BRDA:37,10,1,19
BRDA:37,11,0,20
BRDA:37,11,1,3
BRDA:42,12,0,1
BRDA:42,12,1,19
BRDA:42,13,0,20
BRDA:42,13,1,19
BRDA:44,14,0,0
BRDA:44,14,1,19
BRDA:49,15,0,1
BRDA:49,15,1,19
BRDA:49,16,0,20
BRDA:49,16,1,2
BRDA:54,17,0,4
BRDA:54,17,1,16
BRDA:55,18,0,1
BRDA:55,18,1,3
BRDA:59,19,0,1
BRDA:59,19,1,6
BRDA:82,20,0,28
BRDA:82,20,1,12
BRDA:82,21,0,40
BRDA:82,21,1,28
BRDA:88,22,0,3
BRDA:88,22,1,7
BRDA:88,23,0,10
BRDA:88,23,1,3
BRF:48
BRH:46
end_of_record
