<?xml version="1.0" encoding="UTF-8"?>
<coverage generated="1762897630785" clover="3.2.0">
  <project timestamp="1762897630786" name="All files">
    <metrics statements="219" coveredstatements="117" conditionals="146" coveredconditionals="101" methods="66" coveredmethods="38" elements="431" coveredelements="256" complexity="0" loc="219" ncloc="219" packages="3" files="7" classes="7"/>
    <package name="src">
      <metrics statements="70" coveredstatements="0" conditionals="18" coveredconditionals="0" methods="18" coveredmethods="0"/>
      <file name="App.js" path="C:\Users\Admin\Desktop\testing-and-debugging-ensuring-mern-app-reliability-Sundra731\client\src\App.js">
        <metrics statements="68" coveredstatements="0" conditionals="18" coveredconditionals="0" methods="18" coveredmethods="0"/>
        <line num="9" count="0" type="stmt"/>
        <line num="10" count="0" type="stmt"/>
        <line num="11" count="0" type="stmt"/>
        <line num="12" count="0" type="stmt"/>
        <line num="13" count="0" type="stmt"/>
        <line num="16" count="0" type="stmt"/>
        <line num="17" count="0" type="stmt"/>
        <line num="20" count="0" type="stmt"/>
        <line num="21" count="0" type="stmt"/>
        <line num="22" count="0" type="stmt"/>
        <line num="23" count="0" type="stmt"/>
        <line num="24" count="0" type="stmt"/>
        <line num="25" count="0" type="stmt"/>
        <line num="26" count="0" type="cond" truecount="0" falsecount="2"/>
        <line num="27" count="0" type="cond" truecount="0" falsecount="2"/>
        <line num="29" count="0" type="stmt"/>
        <line num="30" count="0" type="stmt"/>
        <line num="32" count="0" type="stmt"/>
        <line num="36" count="0" type="stmt"/>
        <line num="37" count="0" type="stmt"/>
        <line num="38" count="0" type="stmt"/>
        <line num="39" count="0" type="stmt"/>
        <line num="40" count="0" type="stmt"/>
        <line num="41" count="0" type="stmt"/>
        <line num="42" count="0" type="stmt"/>
        <line num="44" count="0" type="stmt"/>
        <line num="45" count="0" type="stmt"/>
        <line num="49" count="0" type="stmt"/>
        <line num="50" count="0" type="stmt"/>
        <line num="51" count="0" type="stmt"/>
        <line num="52" count="0" type="stmt"/>
        <line num="53" count="0" type="stmt"/>
        <line num="54" count="0" type="cond" truecount="0" falsecount="2"/>
        <line num="56" count="0" type="stmt"/>
        <line num="57" count="0" type="stmt"/>
        <line num="58" count="0" type="stmt"/>
        <line num="60" count="0" type="stmt"/>
        <line num="61" count="0" type="stmt"/>
        <line num="65" count="0" type="stmt"/>
        <line num="66" count="0" type="stmt"/>
        <line num="67" count="0" type="stmt"/>
        <line num="68" count="0" type="stmt"/>
        <line num="69" count="0" type="stmt"/>
        <line num="70" count="0" type="stmt"/>
        <line num="72" count="0" type="stmt"/>
        <line num="73" count="0" type="stmt"/>
        <line num="77" count="0" type="stmt"/>
        <line num="78" count="0" type="stmt"/>
        <line num="79" count="0" type="stmt"/>
        <line num="80" count="0" type="stmt"/>
        <line num="81" count="0" type="stmt"/>
        <line num="82" count="0" type="cond" truecount="0" falsecount="2"/>
        <line num="84" count="0" type="stmt"/>
        <line num="86" count="0" type="stmt"/>
        <line num="87" count="0" type="stmt"/>
        <line num="91" count="0" type="stmt"/>
        <line num="92" count="0" type="stmt"/>
        <line num="93" count="0" type="stmt"/>
        <line num="94" count="0" type="stmt"/>
        <line num="97" count="0" type="stmt"/>
        <line num="98" count="0" type="stmt"/>
        <line num="99" count="0" type="stmt"/>
        <line num="102" count="0" type="stmt"/>
        <line num="103" count="0" type="cond" truecount="0" falsecount="2"/>
        <line num="104" count="0" type="stmt"/>
        <line num="106" count="0" type="stmt"/>
        <line num="110" count="0" type="stmt"/>
        <line num="123" count="0" type="stmt"/>
      </file>
      <file name="index.js" path="C:\Users\Admin\Desktop\testing-and-debugging-ensuring-mern-app-reliability-Sundra731\client\src\index.js">
        <metrics statements="2" coveredstatements="0" conditionals="0" coveredconditionals="0" methods="0" coveredmethods="0"/>
        <line num="6" count="0" type="stmt"/>
        <line num="7" count="0" type="stmt"/>
      </file>
    </package>
    <package name="src.components">
      <metrics statements="115" coveredstatements="108" conditionals="106" coveredconditionals="99" methods="41" coveredmethods="38"/>
      <file name="BugForm.jsx" path="C:\Users\Admin\Desktop\testing-and-debugging-ensuring-mern-app-reliability-Sundra731\client\src\components\BugForm.jsx">
        <metrics statements="45" coveredstatements="42" conditionals="56" coveredconditionals="52" methods="15" coveredmethods="14"/>
        <line num="4" count="2" type="cond" truecount="2" falsecount="0"/>
        <line num="5" count="45" type="stmt"/>
        <line num="15" count="45" type="stmt"/>
        <line num="16" count="45" type="stmt"/>
        <line num="18" count="45" type="stmt"/>
        <line num="19" count="15" type="stmt"/>
        <line num="20" count="15" type="stmt"/>
        <line num="26" count="15" type="cond" truecount="2" falsecount="0"/>
        <line num="27" count="1" type="stmt"/>
        <line num="34" count="45" type="stmt"/>
        <line num="35" count="4" type="cond" truecount="3" falsecount="1"/>
        <line num="36" count="4" type="stmt"/>
        <line num="40" count="4" type="stmt"/>
        <line num="44" count="45" type="stmt"/>
        <line num="45" count="1" type="stmt"/>
        <line num="47" count="2" type="stmt"/>
        <line num="51" count="45" type="stmt"/>
        <line num="52" count="0" type="cond" truecount="0" falsecount="2"/>
        <line num="53" count="0" type="stmt"/>
        <line num="54" count="0" type="stmt"/>
        <line num="58" count="45" type="stmt"/>
        <line num="59" count="7" type="stmt"/>
        <line num="61" count="7" type="cond" truecount="2" falsecount="0"/>
        <line num="62" count="3" type="stmt"/>
        <line num="63" count="4" type="cond" truecount="2" falsecount="0"/>
        <line num="64" count="1" type="stmt"/>
        <line num="67" count="7" type="cond" truecount="2" falsecount="0"/>
        <line num="68" count="3" type="stmt"/>
        <line num="69" count="4" type="cond" truecount="2" falsecount="0"/>
        <line num="70" count="1" type="stmt"/>
        <line num="73" count="7" type="cond" truecount="2" falsecount="0"/>
        <line num="74" count="4" type="stmt"/>
        <line num="77" count="7" type="stmt"/>
        <line num="78" count="7" type="stmt"/>
        <line num="81" count="45" type="stmt"/>
        <line num="82" count="7" type="stmt"/>
        <line num="84" count="7" type="cond" truecount="2" falsecount="0"/>
        <line num="85" count="4" type="stmt"/>
        <line num="88" count="3" type="stmt"/>
        <line num="89" count="3" type="stmt"/>
        <line num="92" count="45" type="stmt"/>
        <line num="201" count="5" type="stmt"/>
        <line num="220" count="13" type="stmt"/>
        <line num="224" count="1" type="stmt"/>
        <line num="249" count="2" type="stmt"/>
      </file>
      <file name="BugItem.jsx" path="C:\Users\Admin\Desktop\testing-and-debugging-ensuring-mern-app-reliability-Sundra731\client\src\components\BugItem.jsx">
        <metrics statements="31" coveredstatements="29" conditionals="19" coveredconditionals="17" methods="9" coveredmethods="9"/>
        <line num="4" count="2" type="stmt"/>
        <line num="5" count="92" type="stmt"/>
        <line num="6" count="92" type="cond" truecount="4" falsecount="1"/>
        <line num="7" count="69" type="stmt"/>
        <line num="8" count="1" type="stmt"/>
        <line num="9" count="21" type="stmt"/>
        <line num="10" count="1" type="stmt"/>
        <line num="11" count="0" type="stmt"/>
        <line num="15" count="92" type="stmt"/>
        <line num="16" count="92" type="cond" truecount="4" falsecount="1"/>
        <line num="17" count="1" type="stmt"/>
        <line num="18" count="24" type="stmt"/>
        <line num="19" count="43" type="stmt"/>
        <line num="20" count="24" type="stmt"/>
        <line num="21" count="0" type="stmt"/>
        <line num="25" count="92" type="stmt"/>
        <line num="26" count="184" type="stmt"/>
        <line num="35" count="92" type="stmt"/>
        <line num="36" count="2" type="stmt"/>
        <line num="37" count="2" type="stmt"/>
        <line num="40" count="92" type="stmt"/>
        <line num="41" count="1" type="stmt"/>
        <line num="42" count="1" type="stmt"/>
        <line num="45" count="92" type="stmt"/>
        <line num="46" count="2" type="stmt"/>
        <line num="47" count="2" type="cond" truecount="2" falsecount="0"/>
        <line num="48" count="1" type="stmt"/>
        <line num="52" count="92" type="stmt"/>
        <line num="115" count="153" type="stmt"/>
        <line num="127" count="2" type="stmt"/>
        <line num="140" count="2" type="stmt"/>
      </file>
      <file name="BugList.jsx" path="C:\Users\Admin\Desktop\testing-and-debugging-ensuring-mern-app-reliability-Sundra731\client\src\components\BugList.jsx">
        <metrics statements="27" coveredstatements="26" conditionals="25" coveredconditionals="24" methods="11" coveredmethods="10"/>
        <line num="5" count="1" type="stmt"/>
        <line num="6" count="40" type="stmt"/>
        <line num="12" count="40" type="stmt"/>
        <line num="14" count="40" type="stmt"/>
        <line num="15" count="20" type="stmt"/>
        <line num="18" count="20" type="cond" truecount="2" falsecount="0"/>
        <line num="19" count="9" type="stmt"/>
        <line num="23" count="20" type="cond" truecount="2" falsecount="0"/>
        <line num="24" count="3" type="stmt"/>
        <line num="28" count="20" type="cond" truecount="2" falsecount="0"/>
        <line num="29" count="4" type="stmt"/>
        <line num="30" count="4" type="stmt"/>
        <line num="31" count="11" type="cond" truecount="6" falsecount="1"/>
        <line num="35" count="10" type="stmt"/>
        <line num="39" count="20" type="stmt"/>
        <line num="40" count="20" type="stmt"/>
        <line num="43" count="40" type="stmt"/>
        <line num="44" count="7" type="stmt"/>
        <line num="45" count="7" type="stmt"/>
        <line num="51" count="40" type="stmt"/>
        <line num="52" count="1" type="stmt"/>
        <line num="59" count="40" type="cond" truecount="2" falsecount="0"/>
        <line num="60" count="2" type="stmt"/>
        <line num="64" count="0" type="stmt"/>
        <line num="71" count="38" type="stmt"/>
        <line num="157" count="72" type="stmt"/>
        <line num="171" count="1" type="stmt"/>
      </file>
      <file name="ErrorBoundary.jsx" path="C:\Users\Admin\Desktop\testing-and-debugging-ensuring-mern-app-reliability-Sundra731\client\src\components\ErrorBoundary.jsx">
        <metrics statements="12" coveredstatements="11" conditionals="6" coveredconditionals="6" methods="6" coveredmethods="5"/>
        <line num="6" count="13" type="stmt"/>
        <line num="7" count="12" type="stmt"/>
        <line num="12" count="13" type="stmt"/>
        <line num="17" count="7" type="stmt"/>
        <line num="19" count="7" type="stmt"/>
        <line num="28" count="12" type="stmt"/>
        <line num="29" count="1" type="stmt"/>
        <line num="33" count="32" type="cond" truecount="2" falsecount="0"/>
        <line num="35" count="19" type="stmt"/>
        <line num="61" count="0" type="stmt"/>
        <line num="73" count="13" type="stmt"/>
        <line num="77" count="1" type="stmt"/>
      </file>
    </package>
    <package name="src.services">
      <metrics statements="34" coveredstatements="9" conditionals="22" coveredconditionals="2" methods="7" coveredmethods="0"/>
      <file name="api.js" path="C:\Users\Admin\Desktop\testing-and-debugging-ensuring-mern-app-reliability-Sundra731\client\src\services\api.js">
        <metrics statements="34" coveredstatements="9" conditionals="22" coveredconditionals="2" methods="7" coveredmethods="0"/>
        <line num="3" count="1" type="cond" truecount="2" falsecount="0"/>
        <line num="11" count="1" type="cond" truecount="0" falsecount="1"/>
        <line num="12" count="0" type="stmt"/>
        <line num="13" count="0" type="stmt"/>
        <line num="21" count="0" type="cond" truecount="0" falsecount="2"/>
        <line num="23" count="0" type="stmt"/>
        <line num="24" count="0" type="stmt"/>
        <line num="25" count="0" type="stmt"/>
        <line num="27" count="0" type="stmt"/>
        <line num="29" count="0" type="cond" truecount="0" falsecount="2"/>
        <line num="30" count="0" type="cond" truecount="0" falsecount="2"/>
        <line num="33" count="0" type="stmt"/>
        <line num="35" count="0" type="stmt"/>
        <line num="36" count="0" type="stmt"/>
        <line num="45" count="1" type="cond" truecount="0" falsecount="1"/>
        <line num="46" count="0" type="stmt"/>
        <line num="47" count="0" type="cond" truecount="0" falsecount="2"/>
        <line num="48" count="0" type="stmt"/>
        <line num="56" count="1" type="stmt"/>
        <line num="57" count="0" type="cond" truecount="0" falsecount="2"/>
        <line num="58" count="0" type="stmt"/>
        <line num="66" count="1" type="stmt"/>
        <line num="67" count="0" type="stmt"/>
        <line num="79" count="1" type="stmt"/>
        <line num="80" count="0" type="cond" truecount="0" falsecount="2"/>
        <line num="81" count="0" type="stmt"/>
        <line num="92" count="1" type="stmt"/>
        <line num="93" count="0" type="cond" truecount="0" falsecount="2"/>
        <line num="94" count="0" type="stmt"/>
        <line num="105" count="1" type="stmt"/>
        <line num="106" count="0" type="cond" truecount="0" falsecount="2"/>
        <line num="107" count="0" type="cond" truecount="0" falsecount="2"/>
        <line num="109" count="0" type="stmt"/>
        <line num="116" count="1" type="stmt"/>
      </file>
    </package>
  </project>
</coverage>
