{"C:\\Users\\Admin\\Desktop\\testing-and-debugging-ensuring-mern-app-reliability-Sundra731\\client\\src\\App.js": {"path":"C:\\Users\\Admin\\Desktop\\testing-and-debugging-ensuring-mern-app-reliability-Sundra731\\client\\src\\App.js","statementMap":{"0":{"start":{"line":9,"column":26},"end":{"line":9,"column":38}},"1":{"start":{"line":10,"column":32},"end":{"line":10,"column":46}},"2":{"start":{"line":11,"column":28},"end":{"line":11,"column":42}},"3":{"start":{"line":12,"column":38},"end":{"line":12,"column":52}},"4":{"start":{"line":13,"column":34},"end":{"line":13,"column":49}},"5":{"start":{"line":16,"column":2},"end":{"line":18,"column":9}},"6":{"start":{"line":17,"column":4},"end":{"line":17,"column":15}},"7":{"start":{"line":20,"column":19},"end":{"line":34,"column":3}},"8":{"start":{"line":21,"column":4},"end":{"line":33,"column":5}},"9":{"start":{"line":22,"column":6},"end":{"line":22,"column":23}},"10":{"start":{"line":23,"column":6},"end":{"line":23,"column":21}},"11":{"start":{"line":24,"column":6},"end":{"line":24,"column":46}},"12":{"start":{"line":25,"column":23},"end":{"line":25,"column":38}},"13":{"start":{"line":26,"column":6},"end":{"line":26,"column":35}},"14":{"start":{"line":27,"column":6},"end":{"line":27,"column":63}},"15":{"start":{"line":29,"column":6},"end":{"line":29,"column":48}},"16":{"start":{"line":30,"column":6},"end":{"line":30,"column":57}},"17":{"start":{"line":32,"column":6},"end":{"line":32,"column":24}},"18":{"start":{"line":36,"column":26},"end":{"line":47,"column":3}},"19":{"start":{"line":37,"column":4},"end":{"line":46,"column":5}},"20":{"start":{"line":38,"column":6},"end":{"line":38,"column":48}},"21":{"start":{"line":39,"column":21},"end":{"line":39,"column":45}},"22":{"start":{"line":40,"column":6},"end":{"line":40,"column":41}},"23":{"start":{"line":40,"column":22},"end":{"line":40,"column":39}},"24":{"start":{"line":41,"column":6},"end":{"line":41,"column":25}},"25":{"start":{"line":42,"column":6},"end":{"line":42,"column":59}},"26":{"start":{"line":44,"column":6},"end":{"line":44,"column":48}},"27":{"start":{"line":45,"column":6},"end":{"line":45,"column":16}},"28":{"start":{"line":49,"column":26},"end":{"line":63,"column":3}},"29":{"start":{"line":50,"column":4},"end":{"line":62,"column":5}},"30":{"start":{"line":51,"column":6},"end":{"line":51,"column":60}},"31":{"start":{"line":52,"column":25},"end":{"line":52,"column":65}},"32":{"start":{"line":53,"column":6},"end":{"line":55,"column":9}},"33":{"start":{"line":53,"column":22},"end":{"line":55,"column":7}},"34":{"start":{"line":54,"column":8},"end":{"line":54,"column":53}},"35":{"start":{"line":56,"column":6},"end":{"line":56,"column":26}},"36":{"start":{"line":57,"column":6},"end":{"line":57,"column":25}},"37":{"start":{"line":58,"column":6},"end":{"line":58,"column":63}},"38":{"start":{"line":60,"column":6},"end":{"line":60,"column":48}},"39":{"start":{"line":61,"column":6},"end":{"line":61,"column":16}},"40":{"start":{"line":65,"column":26},"end":{"line":75,"column":3}},"41":{"start":{"line":66,"column":4},"end":{"line":74,"column":5}},"42":{"start":{"line":67,"column":6},"end":{"line":67,"column":42}},"43":{"start":{"line":68,"column":6},"end":{"line":68,"column":29}},"44":{"start":{"line":69,"column":6},"end":{"line":69,"column":61}},"45":{"start":{"line":69,"column":22},"end":{"line":69,"column":59}},"46":{"start":{"line":69,"column":41},"end":{"line":69,"column":58}},"47":{"start":{"line":70,"column":6},"end":{"line":70,"column":54}},"48":{"start":{"line":72,"column":6},"end":{"line":72,"column":48}},"49":{"start":{"line":73,"column":6},"end":{"line":73,"column":55}},"50":{"start":{"line":77,"column":29},"end":{"line":89,"column":3}},"51":{"start":{"line":78,"column":4},"end":{"line":88,"column":5}},"52":{"start":{"line":79,"column":6},"end":{"line":79,"column":66}},"53":{"start":{"line":80,"column":25},"end":{"line":80,"column":64}},"54":{"start":{"line":81,"column":6},"end":{"line":83,"column":9}},"55":{"start":{"line":81,"column":22},"end":{"line":83,"column":7}},"56":{"start":{"line":82,"column":8},"end":{"line":82,"column":44}},"57":{"start":{"line":84,"column":6},"end":{"line":84,"column":61}},"58":{"start":{"line":86,"column":6},"end":{"line":86,"column":55}},"59":{"start":{"line":87,"column":6},"end":{"line":87,"column":62}},"60":{"start":{"line":91,"column":24},"end":{"line":95,"column":3}},"61":{"start":{"line":92,"column":4},"end":{"line":92,"column":41}},"62":{"start":{"line":93,"column":4},"end":{"line":93,"column":23}},"63":{"start":{"line":94,"column":4},"end":{"line":94,"column":22}},"64":{"start":{"line":97,"column":27},"end":{"line":100,"column":3}},"65":{"start":{"line":98,"column":4},"end":{"line":98,"column":24}},"66":{"start":{"line":99,"column":4},"end":{"line":99,"column":23}},"67":{"start":{"line":102,"column":27},"end":{"line":108,"column":3}},"68":{"start":{"line":103,"column":4},"end":{"line":107,"column":5}},"69":{"start":{"line":104,"column":6},"end":{"line":104,"column":38}},"70":{"start":{"line":106,"column":6},"end":{"line":106,"column":38}},"71":{"start":{"line":110,"column":2},"end":{"line":164,"column":4}},"72":{"start":{"line":123,"column":31},"end":{"line":123,"column":48}}},"fnMap":{"0":{"name":"App","decl":{"start":{"line":8,"column":9},"end":{"line":8,"column":12}},"loc":{"start":{"line":8,"column":15},"end":{"line":165,"column":1}},"line":8},"1":{"name":"(anonymous_1)","decl":{"start":{"line":16,"column":12},"end":{"line":16,"column":13}},"loc":{"start":{"line":16,"column":18},"end":{"line":18,"column":3}},"line":16},"2":{"name":"(anonymous_2)","decl":{"start":{"line":20,"column":19},"end":{"line":20,"column":20}},"loc":{"start":{"line":20,"column":31},"end":{"line":34,"column":3}},"line":20},"3":{"name":"(anonymous_3)","decl":{"start":{"line":36,"column":26},"end":{"line":36,"column":27}},"loc":{"start":{"line":36,"column":45},"end":{"line":47,"column":3}},"line":36},"4":{"name":"(anonymous_4)","decl":{"start":{"line":40,"column":14},"end":{"line":40,"column":15}},"loc":{"start":{"line":40,"column":22},"end":{"line":40,"column":39}},"line":40},"5":{"name":"(anonymous_5)","decl":{"start":{"line":49,"column":26},"end":{"line":49,"column":27}},"loc":{"start":{"line":49,"column":45},"end":{"line":63,"column":3}},"line":49},"6":{"name":"(anonymous_6)","decl":{"start":{"line":53,"column":14},"end":{"line":53,"column":15}},"loc":{"start":{"line":53,"column":22},"end":{"line":55,"column":7}},"line":53},"7":{"name":"(anonymous_7)","decl":{"start":{"line":53,"column":31},"end":{"line":53,"column":32}},"loc":{"start":{"line":54,"column":8},"end":{"line":54,"column":53}},"line":54},"8":{"name":"(anonymous_8)","decl":{"start":{"line":65,"column":26},"end":{"line":65,"column":27}},"loc":{"start":{"line":65,"column":43},"end":{"line":75,"column":3}},"line":65},"9":{"name":"(anonymous_9)","decl":{"start":{"line":69,"column":14},"end":{"line":69,"column":15}},"loc":{"start":{"line":69,"column":22},"end":{"line":69,"column":59}},"line":69},"10":{"name":"(anonymous_10)","decl":{"start":{"line":69,"column":34},"end":{"line":69,"column":35}},"loc":{"start":{"line":69,"column":41},"end":{"line":69,"column":58}},"line":69},"11":{"name":"(anonymous_11)","decl":{"start":{"line":77,"column":29},"end":{"line":77,"column":30}},"loc":{"start":{"line":77,"column":57},"end":{"line":89,"column":3}},"line":77},"12":{"name":"(anonymous_12)","decl":{"start":{"line":81,"column":14},"end":{"line":81,"column":15}},"loc":{"start":{"line":81,"column":22},"end":{"line":83,"column":7}},"line":81},"13":{"name":"(anonymous_13)","decl":{"start":{"line":81,"column":31},"end":{"line":81,"column":32}},"loc":{"start":{"line":82,"column":8},"end":{"line":82,"column":44}},"line":82},"14":{"name":"(anonymous_14)","decl":{"start":{"line":91,"column":24},"end":{"line":91,"column":25}},"loc":{"start":{"line":91,"column":33},"end":{"line":95,"column":3}},"line":91},"15":{"name":"(anonymous_15)","decl":{"start":{"line":97,"column":27},"end":{"line":97,"column":28}},"loc":{"start":{"line":97,"column":33},"end":{"line":100,"column":3}},"line":97},"16":{"name":"(anonymous_16)","decl":{"start":{"line":102,"column":27},"end":{"line":102,"column":28}},"loc":{"start":{"line":102,"column":40},"end":{"line":108,"column":3}},"line":102},"17":{"name":"(anonymous_17)","decl":{"start":{"line":123,"column":25},"end":{"line":123,"column":26}},"loc":{"start":{"line":123,"column":31},"end":{"line":123,"column":48}},"line":123}},"branchMap":{"0":{"loc":{"start":{"line":26,"column":14},"end":{"line":26,"column":33}},"type":"binary-expr","locations":[{"start":{"line":26,"column":14},"end":{"line":26,"column":27}},{"start":{"line":26,"column":31},"end":{"line":26,"column":33}}],"line":26},"1":{"loc":{"start":{"line":27,"column":28},"end":{"line":27,"column":54}},"type":"binary-expr","locations":[{"start":{"line":27,"column":28},"end":{"line":27,"column":49}},{"start":{"line":27,"column":53},"end":{"line":27,"column":54}}],"line":27},"2":{"loc":{"start":{"line":54,"column":8},"end":{"line":54,"column":53}},"type":"cond-expr","locations":[{"start":{"line":54,"column":37},"end":{"line":54,"column":47}},{"start":{"line":54,"column":50},"end":{"line":54,"column":53}}],"line":54},"3":{"loc":{"start":{"line":82,"column":8},"end":{"line":82,"column":44}},"type":"cond-expr","locations":[{"start":{"line":82,"column":28},"end":{"line":82,"column":38}},{"start":{"line":82,"column":41},"end":{"line":82,"column":44}}],"line":82},"4":{"loc":{"start":{"line":103,"column":4},"end":{"line":107,"column":5}},"type":"if","locations":[{"start":{"line":103,"column":4},"end":{"line":107,"column":5}},{"start":{"line":105,"column":11},"end":{"line":107,"column":5}}],"line":103},"5":{"loc":{"start":{"line":126,"column":17},"end":{"line":126,"column":58}},"type":"cond-expr","locations":[{"start":{"line":126,"column":28},"end":{"line":126,"column":39}},{"start":{"line":126,"column":42},"end":{"line":126,"column":58}}],"line":126},"6":{"loc":{"start":{"line":133,"column":17},"end":{"line":133,"column":51}},"type":"cond-expr","locations":[{"start":{"line":133,"column":27},"end":{"line":133,"column":39}},{"start":{"line":133,"column":42},"end":{"line":133,"column":51}}],"line":133},"7":{"loc":{"start":{"line":137,"column":13},"end":{"line":146,"column":13}},"type":"binary-expr","locations":[{"start":{"line":137,"column":13},"end":{"line":137,"column":21}},{"start":{"line":138,"column":14},"end":{"line":145,"column":20}}],"line":137},"8":{"loc":{"start":{"line":139,"column":21},"end":{"line":139,"column":63}},"type":"cond-expr","locations":[{"start":{"line":139,"column":34},"end":{"line":139,"column":44}},{"start":{"line":139,"column":47},"end":{"line":139,"column":63}}],"line":139}},"s":{"0":0,"1":0,"2":0,"3":0,"4":0,"5":0,"6":0,"7":0,"8":0,"9":0,"10":0,"11":0,"12":0,"13":0,"14":0,"15":0,"16":0,"17":0,"18":0,"19":0,"20":0,"21":0,"22":0,"23":0,"24":0,"25":0,"26":0,"27":0,"28":0,"29":0,"30":0,"31":0,"32":0,"33":0,"34":0,"35":0,"36":0,"37":0,"38":0,"39":0,"40":0,"41":0,"42":0,"43":0,"44":0,"45":0,"46":0,"47":0,"48":0,"49":0,"50":0,"51":0,"52":0,"53":0,"54":0,"55":0,"56":0,"57":0,"58":0,"59":0,"60":0,"61":0,"62":0,"63":0,"64":0,"65":0,"66":0,"67":0,"68":0,"69":0,"70":0,"71":0,"72":0},"f":{"0":0,"1":0,"2":0,"3":0,"4":0,"5":0,"6":0,"7":0,"8":0,"9":0,"10":0,"11":0,"12":0,"13":0,"14":0,"15":0,"16":0,"17":0},"b":{"0":[0,0],"1":[0,0],"2":[0,0],"3":[0,0],"4":[0,0],"5":[0,0],"6":[0,0],"7":[0,0],"8":[0,0]}}
,"C:\\Users\\Admin\\Desktop\\testing-and-debugging-ensuring-mern-app-reliability-Sundra731\\client\\src\\index.js": {"path":"C:\\Users\\Admin\\Desktop\\testing-and-debugging-ensuring-mern-app-reliability-Sundra731\\client\\src\\index.js","statementMap":{"0":{"start":{"line":6,"column":13},"end":{"line":6,"column":65}},"1":{"start":{"line":7,"column":0},"end":{"line":11,"column":2}}},"fnMap":{},"branchMap":{},"s":{"0":0,"1":0},"f":{},"b":{}}
,"C:\\Users\\Admin\\Desktop\\testing-and-debugging-ensuring-mern-app-reliability-Sundra731\\client\\src\\components\\BugForm.jsx": {"path":"C:\\Users\\Admin\\Desktop\\testing-and-debugging-ensuring-mern-app-reliability-Sundra731\\client\\src\\components\\BugForm.jsx","statementMap":{"0":{"start":{"line":4,"column":16},"end":{"line":247,"column":1}},"1":{"start":{"line":5,"column":34},"end":{"line":13,"column":4}},"2":{"start":{"line":15,"column":34},"end":{"line":15,"column":46}},"3":{"start":{"line":16,"column":30},"end":{"line":16,"column":42}},"4":{"start":{"line":18,"column":28},"end":{"line":32,"column":3}},"5":{"start":{"line":19,"column":28},"end":{"line":19,"column":36}},"6":{"start":{"line":20,"column":4},"end":{"line":23,"column":8}},"7":{"start":{"line":20,"column":25},"end":{"line":23,"column":5}},"8":{"start":{"line":26,"column":4},"end":{"line":31,"column":5}},"9":{"start":{"line":27,"column":6},"end":{"line":30,"column":10}},"10":{"start":{"line":27,"column":25},"end":{"line":30,"column":7}},"11":{"start":{"line":34,"column":23},"end":{"line":42,"column":3}},"12":{"start":{"line":35,"column":4},"end":{"line":41,"column":5}},"13":{"start":{"line":36,"column":6},"end":{"line":39,"column":10}},"14":{"start":{"line":36,"column":27},"end":{"line":39,"column":7}},"15":{"start":{"line":40,"column":6},"end":{"line":40,"column":22}},"16":{"start":{"line":44,"column":26},"end":{"line":49,"column":3}},"17":{"start":{"line":45,"column":4},"end":{"line":48,"column":8}},"18":{"start":{"line":45,"column":25},"end":{"line":48,"column":5}},"19":{"start":{"line":47,"column":36},"end":{"line":47,"column":55}},"20":{"start":{"line":51,"column":28},"end":{"line":56,"column":3}},"21":{"start":{"line":52,"column":4},"end":{"line":55,"column":5}},"22":{"start":{"line":53,"column":6},"end":{"line":53,"column":25}},"23":{"start":{"line":54,"column":6},"end":{"line":54,"column":21}},"24":{"start":{"line":58,"column":23},"end":{"line":79,"column":3}},"25":{"start":{"line":59,"column":22},"end":{"line":59,"column":24}},"26":{"start":{"line":61,"column":4},"end":{"line":65,"column":5}},"27":{"start":{"line":62,"column":6},"end":{"line":62,"column":44}},"28":{"start":{"line":63,"column":11},"end":{"line":65,"column":5}},"29":{"start":{"line":64,"column":6},"end":{"line":64,"column":61}},"30":{"start":{"line":67,"column":4},"end":{"line":71,"column":5}},"31":{"start":{"line":68,"column":6},"end":{"line":68,"column":56}},"32":{"start":{"line":69,"column":11},"end":{"line":71,"column":5}},"33":{"start":{"line":70,"column":6},"end":{"line":70,"column":74}},"34":{"start":{"line":73,"column":4},"end":{"line":75,"column":5}},"35":{"start":{"line":74,"column":6},"end":{"line":74,"column":50}},"36":{"start":{"line":77,"column":4},"end":{"line":77,"column":25}},"37":{"start":{"line":78,"column":4},"end":{"line":78,"column":47}},"38":{"start":{"line":81,"column":23},"end":{"line":90,"column":3}},"39":{"start":{"line":82,"column":4},"end":{"line":82,"column":23}},"40":{"start":{"line":84,"column":4},"end":{"line":86,"column":5}},"41":{"start":{"line":85,"column":6},"end":{"line":85,"column":13}},"42":{"start":{"line":88,"column":4},"end":{"line":88,"column":50}},"43":{"start":{"line":89,"column":4},"end":{"line":89,"column":23}},"44":{"start":{"line":92,"column":2},"end":{"line":246,"column":4}},"45":{"start":{"line":201,"column":29},"end":{"line":201,"column":56}},"46":{"start":{"line":220,"column":14},"end":{"line":231,"column":21}},"47":{"start":{"line":224,"column":33},"end":{"line":224,"column":53}},"48":{"start":{"line":249,"column":0},"end":{"line":253,"column":2}}},"fnMap":{"0":{"name":"(anonymous_0)","decl":{"start":{"line":4,"column":16},"end":{"line":4,"column":17}},"loc":{"start":{"line":4,"column":73},"end":{"line":247,"column":1}},"line":4},"1":{"name":"(anonymous_1)","decl":{"start":{"line":18,"column":28},"end":{"line":18,"column":29}},"loc":{"start":{"line":18,"column":35},"end":{"line":32,"column":3}},"line":18},"2":{"name":"(anonymous_2)","decl":{"start":{"line":20,"column":16},"end":{"line":20,"column":17}},"loc":{"start":{"line":20,"column":25},"end":{"line":23,"column":5}},"line":20},"3":{"name":"(anonymous_3)","decl":{"start":{"line":27,"column":16},"end":{"line":27,"column":17}},"loc":{"start":{"line":27,"column":25},"end":{"line":30,"column":7}},"line":27},"4":{"name":"(anonymous_4)","decl":{"start":{"line":34,"column":23},"end":{"line":34,"column":24}},"loc":{"start":{"line":34,"column":29},"end":{"line":42,"column":3}},"line":34},"5":{"name":"(anonymous_5)","decl":{"start":{"line":36,"column":18},"end":{"line":36,"column":19}},"loc":{"start":{"line":36,"column":27},"end":{"line":39,"column":7}},"line":36},"6":{"name":"(anonymous_6)","decl":{"start":{"line":44,"column":26},"end":{"line":44,"column":27}},"loc":{"start":{"line":44,"column":43},"end":{"line":49,"column":3}},"line":44},"7":{"name":"(anonymous_7)","decl":{"start":{"line":45,"column":16},"end":{"line":45,"column":17}},"loc":{"start":{"line":45,"column":25},"end":{"line":48,"column":5}},"line":45},"8":{"name":"(anonymous_8)","decl":{"start":{"line":47,"column":29},"end":{"line":47,"column":30}},"loc":{"start":{"line":47,"column":36},"end":{"line":47,"column":55}},"line":47},"9":{"name":"(anonymous_9)","decl":{"start":{"line":51,"column":28},"end":{"line":51,"column":29}},"loc":{"start":{"line":51,"column":35},"end":{"line":56,"column":3}},"line":51},"10":{"name":"(anonymous_10)","decl":{"start":{"line":58,"column":23},"end":{"line":58,"column":24}},"loc":{"start":{"line":58,"column":29},"end":{"line":79,"column":3}},"line":58},"11":{"name":"(anonymous_11)","decl":{"start":{"line":81,"column":23},"end":{"line":81,"column":24}},"loc":{"start":{"line":81,"column":30},"end":{"line":90,"column":3}},"line":81},"12":{"name":"(anonymous_12)","decl":{"start":{"line":201,"column":22},"end":{"line":201,"column":23}},"loc":{"start":{"line":201,"column":29},"end":{"line":201,"column":56}},"line":201},"13":{"name":"(anonymous_13)","decl":{"start":{"line":219,"column":31},"end":{"line":219,"column":32}},"loc":{"start":{"line":220,"column":14},"end":{"line":231,"column":21}},"line":220},"14":{"name":"(anonymous_14)","decl":{"start":{"line":224,"column":27},"end":{"line":224,"column":28}},"loc":{"start":{"line":224,"column":33},"end":{"line":224,"column":53}},"line":224}},"branchMap":{"0":{"loc":{"start":{"line":4,"column":29},"end":{"line":4,"column":47}},"type":"default-arg","locations":[{"start":{"line":4,"column":43},"end":{"line":4,"column":47}}],"line":4},"1":{"loc":{"start":{"line":4,"column":49},"end":{"line":4,"column":66}},"type":"default-arg","locations":[{"start":{"line":4,"column":61},"end":{"line":4,"column":66}}],"line":4},"2":{"loc":{"start":{"line":6,"column":11},"end":{"line":6,"column":35}},"type":"binary-expr","locations":[{"start":{"line":6,"column":11},"end":{"line":6,"column":29}},{"start":{"line":6,"column":33},"end":{"line":6,"column":35}}],"line":6},"3":{"loc":{"start":{"line":7,"column":17},"end":{"line":7,"column":47}},"type":"binary-expr","locations":[{"start":{"line":7,"column":17},"end":{"line":7,"column":41}},{"start":{"line":7,"column":45},"end":{"line":7,"column":47}}],"line":7},"4":{"loc":{"start":{"line":8,"column":12},"end":{"line":8,"column":41}},"type":"binary-expr","locations":[{"start":{"line":8,"column":12},"end":{"line":8,"column":31}},{"start":{"line":8,"column":35},"end":{"line":8,"column":41}}],"line":8},"5":{"loc":{"start":{"line":9,"column":14},"end":{"line":9,"column":47}},"type":"binary-expr","locations":[{"start":{"line":9,"column":14},"end":{"line":9,"column":35}},{"start":{"line":9,"column":39},"end":{"line":9,"column":47}}],"line":9},"6":{"loc":{"start":{"line":10,"column":14},"end":{"line":10,"column":41}},"type":"binary-expr","locations":[{"start":{"line":10,"column":14},"end":{"line":10,"column":35}},{"start":{"line":10,"column":39},"end":{"line":10,"column":41}}],"line":10},"7":{"loc":{"start":{"line":11,"column":14},"end":{"line":11,"column":41}},"type":"binary-expr","locations":[{"start":{"line":11,"column":14},"end":{"line":11,"column":35}},{"start":{"line":11,"column":39},"end":{"line":11,"column":41}}],"line":11},"8":{"loc":{"start":{"line":12,"column":10},"end":{"line":12,"column":33}},"type":"binary-expr","locations":[{"start":{"line":12,"column":10},"end":{"line":12,"column":27}},{"start":{"line":12,"column":31},"end":{"line":12,"column":33}}],"line":12},"9":{"loc":{"start":{"line":26,"column":4},"end":{"line":31,"column":5}},"type":"if","locations":[{"start":{"line":26,"column":4},"end":{"line":31,"column":5}},{"start":{},"end":{}}],"line":26},"10":{"loc":{"start":{"line":35,"column":4},"end":{"line":41,"column":5}},"type":"if","locations":[{"start":{"line":35,"column":4},"end":{"line":41,"column":5}},{"start":{},"end":{}}],"line":35},"11":{"loc":{"start":{"line":35,"column":8},"end":{"line":35,"column":67}},"type":"binary-expr","locations":[{"start":{"line":35,"column":8},"end":{"line":35,"column":23}},{"start":{"line":35,"column":27},"end":{"line":35,"column":67}}],"line":35},"12":{"loc":{"start":{"line":52,"column":4},"end":{"line":55,"column":5}},"type":"if","locations":[{"start":{"line":52,"column":4},"end":{"line":55,"column":5}},{"start":{},"end":{}}],"line":52},"13":{"loc":{"start":{"line":61,"column":4},"end":{"line":65,"column":5}},"type":"if","locations":[{"start":{"line":61,"column":4},"end":{"line":65,"column":5}},{"start":{"line":63,"column":11},"end":{"line":65,"column":5}}],"line":61},"14":{"loc":{"start":{"line":63,"column":11},"end":{"line":65,"column":5}},"type":"if","locations":[{"start":{"line":63,"column":11},"end":{"line":65,"column":5}},{"start":{},"end":{}}],"line":63},"15":{"loc":{"start":{"line":67,"column":4},"end":{"line":71,"column":5}},"type":"if","locations":[{"start":{"line":67,"column":4},"end":{"line":71,"column":5}},{"start":{"line":69,"column":11},"end":{"line":71,"column":5}}],"line":67},"16":{"loc":{"start":{"line":69,"column":11},"end":{"line":71,"column":5}},"type":"if","locations":[{"start":{"line":69,"column":11},"end":{"line":71,"column":5}},{"start":{},"end":{}}],"line":69},"17":{"loc":{"start":{"line":73,"column":4},"end":{"line":75,"column":5}},"type":"if","locations":[{"start":{"line":73,"column":4},"end":{"line":75,"column":5}},{"start":{},"end":{}}],"line":73},"18":{"loc":{"start":{"line":84,"column":4},"end":{"line":86,"column":5}},"type":"if","locations":[{"start":{"line":84,"column":4},"end":{"line":86,"column":5}},{"start":{},"end":{}}],"line":84},"19":{"loc":{"start":{"line":102,"column":21},"end":{"line":102,"column":48}},"type":"cond-expr","locations":[{"start":{"line":102,"column":36},"end":{"line":102,"column":43}},{"start":{"line":102,"column":46},"end":{"line":102,"column":48}}],"line":102},"20":{"loc":{"start":{"line":107,"column":9},"end":{"line":107,"column":78}},"type":"binary-expr","locations":[{"start":{"line":107,"column":9},"end":{"line":107,"column":21}},{"start":{"line":107,"column":25},"end":{"line":107,"column":78}}],"line":107},"21":{"loc":{"start":{"line":117,"column":21},"end":{"line":117,"column":54}},"type":"cond-expr","locations":[{"start":{"line":117,"column":42},"end":{"line":117,"column":49}},{"start":{"line":117,"column":52},"end":{"line":117,"column":54}}],"line":117},"22":{"loc":{"start":{"line":123,"column":9},"end":{"line":123,"column":90}},"type":"binary-expr","locations":[{"start":{"line":123,"column":9},"end":{"line":123,"column":27}},{"start":{"line":123,"column":31},"end":{"line":123,"column":90}}],"line":123},"23":{"loc":{"start":{"line":171,"column":23},"end":{"line":171,"column":53}},"type":"cond-expr","locations":[{"start":{"line":171,"column":41},"end":{"line":171,"column":48}},{"start":{"line":171,"column":51},"end":{"line":171,"column":53}}],"line":171},"24":{"loc":{"start":{"line":176,"column":11},"end":{"line":176,"column":86}},"type":"binary-expr","locations":[{"start":{"line":176,"column":11},"end":{"line":176,"column":26}},{"start":{"line":176,"column":30},"end":{"line":176,"column":86}}],"line":176},"25":{"loc":{"start":{"line":210,"column":22},"end":{"line":210,"column":51}},"type":"binary-expr","locations":[{"start":{"line":210,"column":22},"end":{"line":210,"column":31}},{"start":{"line":210,"column":35},"end":{"line":210,"column":51}}],"line":210},"26":{"loc":{"start":{"line":217,"column":9},"end":{"line":234,"column":9}},"type":"binary-expr","locations":[{"start":{"line":217,"column":9},"end":{"line":217,"column":33}},{"start":{"line":218,"column":10},"end":{"line":233,"column":16}}],"line":217},"27":{"loc":{"start":{"line":243,"column":9},"end":{"line":243,"column":87}},"type":"cond-expr","locations":[{"start":{"line":243,"column":21},"end":{"line":243,"column":36}},{"start":{"line":243,"column":40},"end":{"line":243,"column":86}}],"line":243},"28":{"loc":{"start":{"line":243,"column":40},"end":{"line":243,"column":86}},"type":"cond-expr","locations":[{"start":{"line":243,"column":59},"end":{"line":243,"column":71}},{"start":{"line":243,"column":74},"end":{"line":243,"column":86}}],"line":243}},"s":{"0":2,"1":45,"2":45,"3":45,"4":45,"5":15,"6":15,"7":15,"8":15,"9":1,"10":1,"11":45,"12":4,"13":4,"14":4,"15":4,"16":45,"17":1,"18":1,"19":2,"20":45,"21":0,"22":0,"23":0,"24":45,"25":7,"26":7,"27":3,"28":4,"29":1,"30":7,"31":3,"32":4,"33":1,"34":7,"35":4,"36":7,"37":7,"38":45,"39":7,"40":7,"41":4,"42":3,"43":3,"44":45,"45":5,"46":13,"47":1,"48":2},"f":{"0":45,"1":15,"2":15,"3":1,"4":4,"5":4,"6":1,"7":1,"8":2,"9":0,"10":7,"11":7,"12":5,"13":13,"14":1},"b":{"0":[44],"1":[44],"2":[45,44],"3":[45,44],"4":[45,44],"5":[45,44],"6":[45,44],"7":[45,44],"8":[45,44],"9":[1,14],"10":[4,0],"11":[4,4],"12":[0,0],"13":[3,4],"14":[1,3],"15":[3,4],"16":[1,3],"17":[4,3],"18":[4,3],"19":[4,41],"20":[45,4],"21":[5,40],"22":[45,5],"23":[5,40],"24":[45,5],"25":[45,44],"26":[45,9],"27":[1,44],"28":[0,44]},"_coverageSchema":"1a1c01bbd47fc00a2c39e90264f33305004495a9","hash":"812e648a6f209f067ba431eb32f9b8402d2f2775"}
,"C:\\Users\\Admin\\Desktop\\testing-and-debugging-ensuring-mern-app-reliability-Sundra731\\client\\src\\components\\BugItem.jsx": {"path":"C:\\Users\\Admin\\Desktop\\testing-and-debugging-ensuring-mern-app-reliability-Sundra731\\client\\src\\components\\BugItem.jsx","statementMap":{"0":{"start":{"line":4,"column":16},"end":{"line":138,"column":1}},"1":{"start":{"line":5,"column":25},"end":{"line":13,"column":3}},"2":{"start":{"line":6,"column":4},"end":{"line":12,"column":5}},"3":{"start":{"line":7,"column":19},"end":{"line":7,"column":40}},"4":{"start":{"line":8,"column":26},"end":{"line":8,"column":54}},"5":{"start":{"line":9,"column":23},"end":{"line":9,"column":48}},"6":{"start":{"line":10,"column":21},"end":{"line":10,"column":44}},"7":{"start":{"line":11,"column":15},"end":{"line":11,"column":39}},"8":{"start":{"line":15,"column":27},"end":{"line":23,"column":3}},"9":{"start":{"line":16,"column":4},"end":{"line":22,"column":5}},"10":{"start":{"line":17,"column":18},"end":{"line":17,"column":40}},"11":{"start":{"line":18,"column":21},"end":{"line":18,"column":46}},"12":{"start":{"line":19,"column":19},"end":{"line":19,"column":42}},"13":{"start":{"line":20,"column":23},"end":{"line":20,"column":50}},"14":{"start":{"line":21,"column":15},"end":{"line":21,"column":41}},"15":{"start":{"line":25,"column":21},"end":{"line":33,"column":3}},"16":{"start":{"line":26,"column":4},"end":{"line":32,"column":7}},"17":{"start":{"line":35,"column":29},"end":{"line":38,"column":3}},"18":{"start":{"line":36,"column":4},"end":{"line":36,"column":86}},"19":{"start":{"line":37,"column":4},"end":{"line":37,"column":39}},"20":{"start":{"line":40,"column":21},"end":{"line":43,"column":3}},"21":{"start":{"line":41,"column":4},"end":{"line":41,"column":41}},"22":{"start":{"line":42,"column":4},"end":{"line":42,"column":16}},"23":{"start":{"line":45,"column":23},"end":{"line":50,"column":3}},"24":{"start":{"line":46,"column":4},"end":{"line":46,"column":42}},"25":{"start":{"line":47,"column":4},"end":{"line":49,"column":5}},"26":{"start":{"line":48,"column":6},"end":{"line":48,"column":24}},"27":{"start":{"line":52,"column":2},"end":{"line":137,"column":4}},"28":{"start":{"line":115,"column":12},"end":{"line":117,"column":19}},"29":{"start":{"line":127,"column":27},"end":{"line":127,"column":61}},"30":{"start":{"line":140,"column":0},"end":{"line":156,"column":2}}},"fnMap":{"0":{"name":"(anonymous_0)","decl":{"start":{"line":4,"column":16},"end":{"line":4,"column":17}},"loc":{"start":{"line":4,"column":63},"end":{"line":138,"column":1}},"line":4},"1":{"name":"(anonymous_1)","decl":{"start":{"line":5,"column":25},"end":{"line":5,"column":26}},"loc":{"start":{"line":5,"column":37},"end":{"line":13,"column":3}},"line":5},"2":{"name":"(anonymous_2)","decl":{"start":{"line":15,"column":27},"end":{"line":15,"column":28}},"loc":{"start":{"line":15,"column":41},"end":{"line":23,"column":3}},"line":15},"3":{"name":"(anonymous_3)","decl":{"start":{"line":25,"column":21},"end":{"line":25,"column":22}},"loc":{"start":{"line":25,"column":37},"end":{"line":33,"column":3}},"line":25},"4":{"name":"(anonymous_4)","decl":{"start":{"line":35,"column":29},"end":{"line":35,"column":30}},"loc":{"start":{"line":35,"column":44},"end":{"line":38,"column":3}},"line":35},"5":{"name":"(anonymous_5)","decl":{"start":{"line":40,"column":21},"end":{"line":40,"column":22}},"loc":{"start":{"line":40,"column":27},"end":{"line":43,"column":3}},"line":40},"6":{"name":"(anonymous_6)","decl":{"start":{"line":45,"column":23},"end":{"line":45,"column":24}},"loc":{"start":{"line":45,"column":29},"end":{"line":50,"column":3}},"line":45},"7":{"name":"(anonymous_7)","decl":{"start":{"line":114,"column":24},"end":{"line":114,"column":25}},"loc":{"start":{"line":115,"column":12},"end":{"line":117,"column":19}},"line":115},"8":{"name":"(anonymous_8)","decl":{"start":{"line":127,"column":20},"end":{"line":127,"column":21}},"loc":{"start":{"line":127,"column":27},"end":{"line":127,"column":61}},"line":127}},"branchMap":{"0":{"loc":{"start":{"line":6,"column":4},"end":{"line":12,"column":5}},"type":"switch","locations":[{"start":{"line":7,"column":6},"end":{"line":7,"column":40}},{"start":{"line":8,"column":6},"end":{"line":8,"column":54}},{"start":{"line":9,"column":6},"end":{"line":9,"column":48}},{"start":{"line":10,"column":6},"end":{"line":10,"column":44}},{"start":{"line":11,"column":6},"end":{"line":11,"column":39}}],"line":6},"1":{"loc":{"start":{"line":16,"column":4},"end":{"line":22,"column":5}},"type":"switch","locations":[{"start":{"line":17,"column":6},"end":{"line":17,"column":40}},{"start":{"line":18,"column":6},"end":{"line":18,"column":46}},{"start":{"line":19,"column":6},"end":{"line":19,"column":42}},{"start":{"line":20,"column":6},"end":{"line":20,"column":50}},{"start":{"line":21,"column":6},"end":{"line":21,"column":41}}],"line":16},"2":{"loc":{"start":{"line":47,"column":4},"end":{"line":49,"column":5}},"type":"if","locations":[{"start":{"line":47,"column":4},"end":{"line":49,"column":5}},{"start":{},"end":{}}],"line":47},"3":{"loc":{"start":{"line":85,"column":9},"end":{"line":87,"column":27}},"type":"cond-expr","locations":[{"start":{"line":86,"column":12},"end":{"line":86,"column":53}},{"start":{"line":87,"column":12},"end":{"line":87,"column":27}}],"line":85},"4":{"loc":{"start":{"line":96,"column":9},"end":{"line":101,"column":9}},"type":"binary-expr","locations":[{"start":{"line":96,"column":9},"end":{"line":96,"column":21}},{"start":{"line":97,"column":10},"end":{"line":100,"column":16}}],"line":96},"5":{"loc":{"start":{"line":112,"column":7},"end":{"line":120,"column":7}},"type":"binary-expr","locations":[{"start":{"line":112,"column":7},"end":{"line":112,"column":15}},{"start":{"line":112,"column":19},"end":{"line":112,"column":38}},{"start":{"line":113,"column":8},"end":{"line":119,"column":14}}],"line":112}},"s":{"0":2,"1":92,"2":92,"3":69,"4":1,"5":21,"6":1,"7":0,"8":92,"9":92,"10":1,"11":24,"12":43,"13":24,"14":0,"15":92,"16":184,"17":92,"18":2,"19":2,"20":92,"21":1,"22":1,"23":92,"24":2,"25":2,"26":1,"27":92,"28":153,"29":2,"30":2},"f":{"0":92,"1":92,"2":92,"3":184,"4":2,"5":1,"6":2,"7":153,"8":2},"b":{"0":[69,1,21,1,0],"1":[1,24,43,24,0],"2":[1,1],"3":[1,91],"4":[92,19],"5":[92,90,88]},"_coverageSchema":"1a1c01bbd47fc00a2c39e90264f33305004495a9","hash":"a2ab39c3d9d6cdfdaeec7cb9a590436b3b90c419"}
,"C:\\Users\\Admin\\Desktop\\testing-and-debugging-ensuring-mern-app-reliability-Sundra731\\client\\src\\components\\BugList.jsx": {"path":"C:\\Users\\Admin\\Desktop\\testing-and-debugging-ensuring-mern-app-reliability-Sundra731\\client\\src\\components\\BugList.jsx","statementMap":{"0":{"start":{"line":5,"column":16},"end":{"line":169,"column":1}},"1":{"start":{"line":6,"column":30},"end":{"line":10,"column":4}},"2":{"start":{"line":12,"column":42},"end":{"line":12,"column":56}},"3":{"start":{"line":14,"column":2},"end":{"line":41,"column":21}},"4":{"start":{"line":15,"column":19},"end":{"line":15,"column":28}},"5":{"start":{"line":18,"column":4},"end":{"line":20,"column":5}},"6":{"start":{"line":19,"column":6},"end":{"line":19,"column":70}},"7":{"start":{"line":19,"column":40},"end":{"line":19,"column":68}},"8":{"start":{"line":23,"column":4},"end":{"line":25,"column":5}},"9":{"start":{"line":24,"column":6},"end":{"line":24,"column":74}},"10":{"start":{"line":24,"column":40},"end":{"line":24,"column":72}},"11":{"start":{"line":28,"column":4},"end":{"line":37,"column":5}},"12":{"start":{"line":29,"column":25},"end":{"line":29,"column":52}},"13":{"start":{"line":30,"column":6},"end":{"line":36,"column":8}},"14":{"start":{"line":31,"column":8},"end":{"line":35,"column":82}},"15":{"start":{"line":35,"column":42},"end":{"line":35,"column":80}},"16":{"start":{"line":39,"column":4},"end":{"line":39,"column":74}},"17":{"start":{"line":40,"column":4},"end":{"line":40,"column":30}},"18":{"start":{"line":43,"column":29},"end":{"line":49,"column":3}},"19":{"start":{"line":44,"column":28},"end":{"line":44,"column":36}},"20":{"start":{"line":45,"column":4},"end":{"line":48,"column":8}},"21":{"start":{"line":45,"column":23},"end":{"line":48,"column":5}},"22":{"start":{"line":51,"column":23},"end":{"line":57,"column":3}},"23":{"start":{"line":52,"column":4},"end":{"line":56,"column":7}},"24":{"start":{"line":59,"column":2},"end":{"line":69,"column":3}},"25":{"start":{"line":60,"column":4},"end":{"line":68,"column":6}},"26":{"start":{"line":64,"column":31},"end":{"line":64,"column":55}},"27":{"start":{"line":71,"column":2},"end":{"line":168,"column":4}},"28":{"start":{"line":157,"column":12},"end":{"line":163,"column":14}},"29":{"start":{"line":171,"column":0},"end":{"line":191,"column":2}}},"fnMap":{"0":{"name":"(anonymous_0)","decl":{"start":{"line":5,"column":16},"end":{"line":5,"column":17}},"loc":{"start":{"line":5,"column":82},"end":{"line":169,"column":1}},"line":5},"1":{"name":"(anonymous_1)","decl":{"start":{"line":14,"column":12},"end":{"line":14,"column":13}},"loc":{"start":{"line":14,"column":18},"end":{"line":41,"column":3}},"line":14},"2":{"name":"(anonymous_2)","decl":{"start":{"line":19,"column":33},"end":{"line":19,"column":34}},"loc":{"start":{"line":19,"column":40},"end":{"line":19,"column":68}},"line":19},"3":{"name":"(anonymous_3)","decl":{"start":{"line":24,"column":33},"end":{"line":24,"column":34}},"loc":{"start":{"line":24,"column":40},"end":{"line":24,"column":72}},"line":24},"4":{"name":"(anonymous_4)","decl":{"start":{"line":30,"column":33},"end":{"line":30,"column":34}},"loc":{"start":{"line":31,"column":8},"end":{"line":35,"column":82}},"line":31},"5":{"name":"(anonymous_5)","decl":{"start":{"line":35,"column":35},"end":{"line":35,"column":36}},"loc":{"start":{"line":35,"column":42},"end":{"line":35,"column":80}},"line":35},"6":{"name":"(anonymous_6)","decl":{"start":{"line":43,"column":29},"end":{"line":43,"column":30}},"loc":{"start":{"line":43,"column":36},"end":{"line":49,"column":3}},"line":43},"7":{"name":"(anonymous_7)","decl":{"start":{"line":45,"column":14},"end":{"line":45,"column":15}},"loc":{"start":{"line":45,"column":23},"end":{"line":48,"column":5}},"line":45},"8":{"name":"(anonymous_8)","decl":{"start":{"line":51,"column":23},"end":{"line":51,"column":24}},"loc":{"start":{"line":51,"column":29},"end":{"line":57,"column":3}},"line":51},"9":{"name":"(anonymous_9)","decl":{"start":{"line":64,"column":25},"end":{"line":64,"column":26}},"loc":{"start":{"line":64,"column":31},"end":{"line":64,"column":55}},"line":64},"10":{"name":"(anonymous_10)","decl":{"start":{"line":156,"column":28},"end":{"line":156,"column":29}},"loc":{"start":{"line":157,"column":12},"end":{"line":163,"column":14}},"line":157}},"branchMap":{"0":{"loc":{"start":{"line":18,"column":4},"end":{"line":20,"column":5}},"type":"if","locations":[{"start":{"line":18,"column":4},"end":{"line":20,"column":5}},{"start":{},"end":{}}],"line":18},"1":{"loc":{"start":{"line":23,"column":4},"end":{"line":25,"column":5}},"type":"if","locations":[{"start":{"line":23,"column":4},"end":{"line":25,"column":5}},{"start":{},"end":{}}],"line":23},"2":{"loc":{"start":{"line":28,"column":4},"end":{"line":37,"column":5}},"type":"if","locations":[{"start":{"line":28,"column":4},"end":{"line":37,"column":5}},{"start":{},"end":{}}],"line":28},"3":{"loc":{"start":{"line":31,"column":8},"end":{"line":35,"column":82}},"type":"binary-expr","locations":[{"start":{"line":31,"column":8},"end":{"line":31,"column":52}},{"start":{"line":32,"column":8},"end":{"line":32,"column":58}},{"start":{"line":33,"column":8},"end":{"line":33,"column":55}},{"start":{"line":34,"column":9},"end":{"line":34,"column":21}},{"start":{"line":34,"column":25},"end":{"line":34,"column":72}},{"start":{"line":35,"column":9},"end":{"line":35,"column":17}},{"start":{"line":35,"column":21},"end":{"line":35,"column":81}}],"line":31},"4":{"loc":{"start":{"line":59,"column":2},"end":{"line":69,"column":3}},"type":"if","locations":[{"start":{"line":59,"column":2},"end":{"line":69,"column":3}},{"start":{},"end":{}}],"line":59},"5":{"loc":{"start":{"line":124,"column":11},"end":{"line":132,"column":11}},"type":"binary-expr","locations":[{"start":{"line":124,"column":12},"end":{"line":124,"column":25}},{"start":{"line":124,"column":29},"end":{"line":124,"column":44}},{"start":{"line":124,"column":48},"end":{"line":124,"column":61}},{"start":{"line":125,"column":12},"end":{"line":131,"column":21}}],"line":124},"6":{"loc":{"start":{"line":136,"column":7},"end":{"line":166,"column":7}},"type":"cond-expr","locations":[{"start":{"line":137,"column":8},"end":{"line":139,"column":14}},{"start":{"line":140,"column":10},"end":{"line":166,"column":7}}],"line":136},"7":{"loc":{"start":{"line":140,"column":10},"end":{"line":166,"column":7}},"type":"cond-expr","locations":[{"start":{"line":141,"column":8},"end":{"line":153,"column":14}},{"start":{"line":155,"column":8},"end":{"line":165,"column":14}}],"line":140},"8":{"loc":{"start":{"line":142,"column":11},"end":{"line":152,"column":11}},"type":"cond-expr","locations":[{"start":{"line":143,"column":12},"end":{"line":146,"column":18}},{"start":{"line":148,"column":12},"end":{"line":151,"column":18}}],"line":142}},"s":{"0":1,"1":40,"2":40,"3":40,"4":20,"5":20,"6":3,"7":9,"8":20,"9":1,"10":3,"11":20,"12":4,"13":4,"14":11,"15":10,"16":20,"17":20,"18":40,"19":7,"20":7,"21":7,"22":40,"23":1,"24":40,"25":2,"26":0,"27":38,"28":72,"29":1},"f":{"0":40,"1":20,"2":9,"3":3,"4":11,"5":10,"6":7,"7":7,"8":1,"9":0,"10":72},"b":{"0":[3,17],"1":[1,19],"2":[4,16],"3":[11,8,8,7,0,7,7],"4":[2,38],"5":[38,32,30,14],"6":[2,36],"7":[5,31],"8":[4,1]},"_coverageSchema":"1a1c01bbd47fc00a2c39e90264f33305004495a9","hash":"ab358e5ea7c5e6dbcbc33b61ccdeafdb32db347d"}
,"C:\\Users\\Admin\\Desktop\\testing-and-debugging-ensuring-mern-app-reliability-Sundra731\\client\\src\\components\\ErrorBoundary.jsx": {"path":"C:\\Users\\Admin\\Desktop\\testing-and-debugging-ensuring-mern-app-reliability-Sundra731\\client\\src\\components\\ErrorBoundary.jsx","statementMap":{"0":{"start":{"line":6,"column":4},"end":{"line":6,"column":17}},"1":{"start":{"line":7,"column":4},"end":{"line":7,"column":67}},"2":{"start":{"line":12,"column":4},"end":{"line":12,"column":30}},"3":{"start":{"line":17,"column":4},"end":{"line":17,"column":70}},"4":{"start":{"line":19,"column":4},"end":{"line":22,"column":7}},"5":{"start":{"line":28,"column":16},"end":{"line":30,"column":3}},"6":{"start":{"line":29,"column":4},"end":{"line":29,"column":69}},"7":{"start":{"line":33,"column":4},"end":{"line":71,"column":5}},"8":{"start":{"line":35,"column":6},"end":{"line":70,"column":8}},"9":{"start":{"line":61,"column":31},"end":{"line":61,"column":55}},"10":{"start":{"line":73,"column":4},"end":{"line":73,"column":31}},"11":{"start":{"line":77,"column":0},"end":{"line":79,"column":2}}},"fnMap":{"0":{"name":"(anonymous_0)","decl":{"start":{"line":5,"column":2},"end":{"line":5,"column":3}},"loc":{"start":{"line":5,"column":21},"end":{"line":8,"column":3}},"line":5},"1":{"name":"(anonymous_1)","decl":{"start":{"line":10,"column":2},"end":{"line":10,"column":3}},"loc":{"start":{"line":10,"column":41},"end":{"line":13,"column":3}},"line":10},"2":{"name":"(anonymous_2)","decl":{"start":{"line":15,"column":2},"end":{"line":15,"column":3}},"loc":{"start":{"line":15,"column":38},"end":{"line":26,"column":3}},"line":15},"3":{"name":"(anonymous_3)","decl":{"start":{"line":28,"column":16},"end":{"line":28,"column":17}},"loc":{"start":{"line":28,"column":22},"end":{"line":30,"column":3}},"line":28},"4":{"name":"(anonymous_4)","decl":{"start":{"line":32,"column":2},"end":{"line":32,"column":3}},"loc":{"start":{"line":32,"column":11},"end":{"line":74,"column":3}},"line":32},"5":{"name":"(anonymous_5)","decl":{"start":{"line":61,"column":25},"end":{"line":61,"column":26}},"loc":{"start":{"line":61,"column":31},"end":{"line":61,"column":55}},"line":61}},"branchMap":{"0":{"loc":{"start":{"line":33,"column":4},"end":{"line":71,"column":5}},"type":"if","locations":[{"start":{"line":33,"column":4},"end":{"line":71,"column":5}},{"start":{},"end":{}}],"line":33},"1":{"loc":{"start":{"line":41,"column":13},"end":{"line":50,"column":13}},"type":"binary-expr","locations":[{"start":{"line":41,"column":13},"end":{"line":41,"column":51}},{"start":{"line":42,"column":14},"end":{"line":49,"column":24}}],"line":41},"2":{"loc":{"start":{"line":45,"column":19},"end":{"line":45,"column":66}},"type":"binary-expr","locations":[{"start":{"line":45,"column":19},"end":{"line":45,"column":35}},{"start":{"line":45,"column":39},"end":{"line":45,"column":66}}],"line":45}},"s":{"0":13,"1":12,"2":13,"3":7,"4":7,"5":12,"6":1,"7":32,"8":19,"9":0,"10":13,"11":1},"f":{"0":13,"1":13,"2":7,"3":1,"4":32,"5":0},"b":{"0":[19,13],"1":[19,3],"2":[3,1]},"_coverageSchema":"1a1c01bbd47fc00a2c39e90264f33305004495a9","hash":"de510cb03798dae9c7b0971d1a2fec4ca996fab8"}
,"C:\\Users\\Admin\\Desktop\\testing-and-debugging-ensuring-mern-app-reliability-Sundra731\\client\\src\\services\\api.js": {"path":"C:\\Users\\Admin\\Desktop\\testing-and-debugging-ensuring-mern-app-reliability-Sundra731\\client\\src\\services\\api.js","statementMap":{"0":{"start":{"line":3,"column":21},"end":{"line":3,"column":81}},"1":{"start":{"line":11,"column":19},"end":{"line":38,"column":1}},"2":{"start":{"line":12,"column":14},"end":{"line":12,"column":42}},"3":{"start":{"line":13,"column":17},"end":{"line":19,"column":3}},"4":{"start":{"line":21,"column":2},"end":{"line":21,"column":59}},"5":{"start":{"line":23,"column":2},"end":{"line":37,"column":3}},"6":{"start":{"line":24,"column":21},"end":{"line":24,"column":45}},"7":{"start":{"line":25,"column":17},"end":{"line":25,"column":38}},"8":{"start":{"line":27,"column":4},"end":{"line":27,"column":56}},"9":{"start":{"line":29,"column":4},"end":{"line":31,"column":5}},"10":{"start":{"line":30,"column":6},"end":{"line":30,"column":78}},"11":{"start":{"line":33,"column":4},"end":{"line":33,"column":16}},"12":{"start":{"line":35,"column":4},"end":{"line":35,"column":47}},"13":{"start":{"line":36,"column":4},"end":{"line":36,"column":16}},"14":{"start":{"line":45,"column":23},"end":{"line":49,"column":1}},"15":{"start":{"line":46,"column":22},"end":{"line":46,"column":60}},"16":{"start":{"line":47,"column":19},"end":{"line":47,"column":65}},"17":{"start":{"line":48,"column":2},"end":{"line":48,"column":30}},"18":{"start":{"line":56,"column":22},"end":{"line":59,"column":1}},"19":{"start":{"line":57,"column":2},"end":{"line":57,"column":49}},"20":{"start":{"line":57,"column":11},"end":{"line":57,"column":49}},"21":{"start":{"line":58,"column":2},"end":{"line":58,"column":35}},"22":{"start":{"line":66,"column":25},"end":{"line":71,"column":1}},"23":{"start":{"line":67,"column":2},"end":{"line":70,"column":5}},"24":{"start":{"line":79,"column":25},"end":{"line":85,"column":1}},"25":{"start":{"line":80,"column":2},"end":{"line":80,"column":49}},"26":{"start":{"line":80,"column":11},"end":{"line":80,"column":49}},"27":{"start":{"line":81,"column":2},"end":{"line":84,"column":5}},"28":{"start":{"line":92,"column":25},"end":{"line":97,"column":1}},"29":{"start":{"line":93,"column":2},"end":{"line":93,"column":49}},"30":{"start":{"line":93,"column":11},"end":{"line":93,"column":49}},"31":{"start":{"line":94,"column":2},"end":{"line":96,"column":5}},"32":{"start":{"line":105,"column":31},"end":{"line":113,"column":1}},"33":{"start":{"line":106,"column":2},"end":{"line":106,"column":49}},"34":{"start":{"line":106,"column":11},"end":{"line":106,"column":49}},"35":{"start":{"line":107,"column":2},"end":{"line":107,"column":53}},"36":{"start":{"line":107,"column":15},"end":{"line":107,"column":53}},"37":{"start":{"line":109,"column":2},"end":{"line":112,"column":5}},"38":{"start":{"line":116,"column":19},"end":{"line":123,"column":1}}},"fnMap":{"0":{"name":"(anonymous_0)","decl":{"start":{"line":11,"column":19},"end":{"line":11,"column":20}},"loc":{"start":{"line":11,"column":53},"end":{"line":38,"column":1}},"line":11},"1":{"name":"(anonymous_1)","decl":{"start":{"line":45,"column":23},"end":{"line":45,"column":24}},"loc":{"start":{"line":45,"column":46},"end":{"line":49,"column":1}},"line":45},"2":{"name":"(anonymous_2)","decl":{"start":{"line":56,"column":22},"end":{"line":56,"column":23}},"loc":{"start":{"line":56,"column":36},"end":{"line":59,"column":1}},"line":56},"3":{"name":"(anonymous_3)","decl":{"start":{"line":66,"column":25},"end":{"line":66,"column":26}},"loc":{"start":{"line":66,"column":44},"end":{"line":71,"column":1}},"line":66},"4":{"name":"(anonymous_4)","decl":{"start":{"line":79,"column":25},"end":{"line":79,"column":26}},"loc":{"start":{"line":79,"column":48},"end":{"line":85,"column":1}},"line":79},"5":{"name":"(anonymous_5)","decl":{"start":{"line":92,"column":25},"end":{"line":92,"column":26}},"loc":{"start":{"line":92,"column":39},"end":{"line":97,"column":1}},"line":92},"6":{"name":"(anonymous_6)","decl":{"start":{"line":105,"column":31},"end":{"line":105,"column":32}},"loc":{"start":{"line":105,"column":53},"end":{"line":113,"column":1}},"line":105}},"branchMap":{"0":{"loc":{"start":{"line":3,"column":21},"end":{"line":3,"column":81}},"type":"binary-expr","locations":[{"start":{"line":3,"column":21},"end":{"line":3,"column":50}},{"start":{"line":3,"column":54},"end":{"line":3,"column":81}}],"line":3},"1":{"loc":{"start":{"line":11,"column":36},"end":{"line":11,"column":48}},"type":"default-arg","locations":[{"start":{"line":11,"column":46},"end":{"line":11,"column":48}}],"line":11},"2":{"loc":{"start":{"line":21,"column":30},"end":{"line":21,"column":52}},"type":"binary-expr","locations":[{"start":{"line":21,"column":30},"end":{"line":21,"column":43}},{"start":{"line":21,"column":47},"end":{"line":21,"column":52}}],"line":21},"3":{"loc":{"start":{"line":29,"column":4},"end":{"line":31,"column":5}},"type":"if","locations":[{"start":{"line":29,"column":4},"end":{"line":31,"column":5}},{"start":{},"end":{}}],"line":29},"4":{"loc":{"start":{"line":30,"column":22},"end":{"line":30,"column":76}},"type":"binary-expr","locations":[{"start":{"line":30,"column":22},"end":{"line":30,"column":32}},{"start":{"line":30,"column":36},"end":{"line":30,"column":76}}],"line":30},"5":{"loc":{"start":{"line":45,"column":30},"end":{"line":45,"column":41}},"type":"default-arg","locations":[{"start":{"line":45,"column":39},"end":{"line":45,"column":41}}],"line":45},"6":{"loc":{"start":{"line":47,"column":27},"end":{"line":47,"column":63}},"type":"cond-expr","locations":[{"start":{"line":47,"column":41},"end":{"line":47,"column":58}},{"start":{"line":47,"column":61},"end":{"line":47,"column":63}}],"line":47},"7":{"loc":{"start":{"line":57,"column":2},"end":{"line":57,"column":49}},"type":"if","locations":[{"start":{"line":57,"column":2},"end":{"line":57,"column":49}},{"start":{},"end":{}}],"line":57},"8":{"loc":{"start":{"line":80,"column":2},"end":{"line":80,"column":49}},"type":"if","locations":[{"start":{"line":80,"column":2},"end":{"line":80,"column":49}},{"start":{},"end":{}}],"line":80},"9":{"loc":{"start":{"line":93,"column":2},"end":{"line":93,"column":49}},"type":"if","locations":[{"start":{"line":93,"column":2},"end":{"line":93,"column":49}},{"start":{},"end":{}}],"line":93},"10":{"loc":{"start":{"line":106,"column":2},"end":{"line":106,"column":49}},"type":"if","locations":[{"start":{"line":106,"column":2},"end":{"line":106,"column":49}},{"start":{},"end":{}}],"line":106},"11":{"loc":{"start":{"line":107,"column":2},"end":{"line":107,"column":53}},"type":"if","locations":[{"start":{"line":107,"column":2},"end":{"line":107,"column":53}},{"start":{},"end":{}}],"line":107}},"s":{"0":1,"1":1,"2":0,"3":0,"4":0,"5":0,"6":0,"7":0,"8":0,"9":0,"10":0,"11":0,"12":0,"13":0,"14":1,"15":0,"16":0,"17":0,"18":1,"19":0,"20":0,"21":0,"22":1,"23":0,"24":1,"25":0,"26":0,"27":0,"28":1,"29":0,"30":0,"31":0,"32":1,"33":0,"34":0,"35":0,"36":0,"37":0,"38":1},"f":{"0":0,"1":0,"2":0,"3":0,"4":0,"5":0,"6":0},"b":{"0":[1,1],"1":[0],"2":[0,0],"3":[0,0],"4":[0,0],"5":[0],"6":[0,0],"7":[0,0],"8":[0,0],"9":[0,0],"10":[0,0],"11":[0,0]},"_coverageSchema":"1a1c01bbd47fc00a2c39e90264f33305004495a9","hash":"27ba544507f2320c1ab0a7f15952244ba5ef1053"}
}
