TN:
SF:src\App.js
FN:8,App
FN:16,(anonymous_1)
FN:20,(anonymous_2)
FN:36,(anonymous_3)
FN:40,(anonymous_4)
FN:49,(anonymous_5)
FN:53,(anonymous_6)
FN:53,(anonymous_7)
FN:65,(anonymous_8)
FN:69,(anonymous_9)
FN:69,(anonymous_10)
FN:77,(anonymous_11)
FN:81,(anonymous_12)
FN:81,(anonymous_13)
FN:91,(anonymous_14)
FN:97,(anonymous_15)
FN:102,(anonymous_16)
FN:123,(anonymous_17)
FNF:18
FNH:0
FNDA:0,App
FNDA:0,(anonymous_1)
FNDA:0,(anonymous_2)
FNDA:0,(anonymous_3)
FNDA:0,(anonymous_4)
FNDA:0,(anonymous_5)
FNDA:0,(anonymous_6)
FNDA:0,(anonymous_7)
FNDA:0,(anonymous_8)
FNDA:0,(anonymous_9)
FNDA:0,(anonymous_10)
FNDA:0,(anonymous_11)
FNDA:0,(anonymous_12)
FNDA:0,(anonymous_13)
FNDA:0,(anonymous_14)
FNDA:0,(anonymous_15)
FNDA:0,(anonymous_16)
FNDA:0,(anonymous_17)
DA:9,0
DA:10,0
DA:11,0
DA:12,0
DA:13,0
DA:16,0
DA:17,0
DA:20,0
DA:21,0
DA:22,0
DA:23,0
DA:24,0
DA:25,0
DA:26,0
DA:27,0
DA:29,0
DA:30,0
DA:32,0
DA:36,0
DA:37,0
DA:38,0
DA:39,0
DA:40,0
DA:41,0
DA:42,0
DA:44,0
DA:45,0
DA:49,0
DA:50,0
DA:51,0
DA:52,0
DA:53,0
DA:54,0
DA:56,0
DA:57,0
DA:58,0
DA:60,0
DA:61,0
DA:65,0
DA:66,0
DA:67,0
DA:68,0
DA:69,0
DA:70,0
DA:72,0
DA:73,0
DA:77,0
DA:78,0
DA:79,0
DA:80,0
DA:81,0
DA:82,0
DA:84,0
DA:86,0
DA:87,0
DA:91,0
DA:92,0
DA:93,0
DA:94,0
DA:97,0
DA:98,0
DA:99,0
DA:102,0
DA:103,0
DA:104,0
DA:106,0
DA:110,0
DA:123,0
LF:68
LH:0
BRDA:26,0,0,0
BRDA:26,0,1,0
BRDA:27,1,0,0
BRDA:27,1,1,0
BRDA:54,2,0,0
BRDA:54,2,1,0
BRDA:82,3,0,0
BRDA:82,3,1,0
BRDA:103,4,0,0
BRDA:103,4,1,0
BRDA:126,5,0,0
BRDA:126,5,1,0
BRDA:133,6,0,0
BRDA:133,6,1,0
BRDA:137,7,0,0
BRDA:137,7,1,0
BRDA:139,8,0,0
BRDA:139,8,1,0
BRF:18
BRH:0
end_of_record
TN:
SF:src\index.js
FNF:0
FNH:0
DA:6,0
DA:7,0
LF:2
LH:0
BRF:0
BRH:0
end_of_record
TN:
SF:src\components\BugForm.jsx
FN:4,(anonymous_0)
FN:18,(anonymous_1)
FN:20,(anonymous_2)
FN:27,(anonymous_3)
FN:34,(anonymous_4)
FN:36,(anonymous_5)
FN:44,(anonymous_6)
FN:45,(anonymous_7)
FN:47,(anonymous_8)
FN:51,(anonymous_9)
FN:58,(anonymous_10)
FN:81,(anonymous_11)
FN:201,(anonymous_12)
FN:219,(anonymous_13)
FN:224,(anonymous_14)
FNF:15
FNH:14
FNDA:45,(anonymous_0)
FNDA:15,(anonymous_1)
FNDA:15,(anonymous_2)
FNDA:1,(anonymous_3)
FNDA:4,(anonymous_4)
FNDA:4,(anonymous_5)
FNDA:1,(anonymous_6)
FNDA:1,(anonymous_7)
FNDA:2,(anonymous_8)
FNDA:0,(anonymous_9)
FNDA:7,(anonymous_10)
FNDA:7,(anonymous_11)
FNDA:5,(anonymous_12)
FNDA:13,(anonymous_13)
FNDA:1,(anonymous_14)
DA:4,2
DA:5,45
DA:15,45
DA:16,45
DA:18,45
DA:19,15
DA:20,15
DA:26,15
DA:27,1
DA:34,45
DA:35,4
DA:36,4
DA:40,4
DA:44,45
DA:45,1
DA:47,2
DA:51,45
DA:52,0
DA:53,0
DA:54,0
DA:58,45
DA:59,7
DA:61,7
DA:62,3
DA:63,4
DA:64,1
DA:67,7
DA:68,3
DA:69,4
DA:70,1
DA:73,7
DA:74,4
DA:77,7
DA:78,7
DA:81,45
DA:82,7
DA:84,7
DA:85,4
DA:88,3
DA:89,3
DA:92,45
DA:201,5
DA:220,13
DA:224,1
DA:249,2
LF:45
LH:42
BRDA:4,0,0,44
BRDA:4,1,0,44
BRDA:6,2,0,45
BRDA:6,2,1,44
BRDA:7,3,0,45
BRDA:7,3,1,44
BRDA:8,4,0,45
BRDA:8,4,1,44
BRDA:9,5,0,45
BRDA:9,5,1,44
BRDA:10,6,0,45
BRDA:10,6,1,44
BRDA:11,7,0,45
BRDA:11,7,1,44
BRDA:12,8,0,45
BRDA:12,8,1,44
BRDA:26,9,0,1
BRDA:26,9,1,14
BRDA:35,10,0,4
BRDA:35,10,1,0
BRDA:35,11,0,4
BRDA:35,11,1,4
BRDA:52,12,0,0
BRDA:52,12,1,0
BRDA:61,13,0,3
BRDA:61,13,1,4
BRDA:63,14,0,1
BRDA:63,14,1,3
BRDA:67,15,0,3
BRDA:67,15,1,4
BRDA:69,16,0,1
BRDA:69,16,1,3
BRDA:73,17,0,4
BRDA:73,17,1,3
BRDA:84,18,0,4
BRDA:84,18,1,3
BRDA:102,19,0,4
BRDA:102,19,1,41
BRDA:107,20,0,45
BRDA:107,20,1,4
BRDA:117,21,0,5
BRDA:117,21,1,40
BRDA:123,22,0,45
BRDA:123,22,1,5
BRDA:171,23,0,5
BRDA:171,23,1,40
BRDA:176,24,0,45
BRDA:176,24,1,5
BRDA:210,25,0,45
BRDA:210,25,1,44
BRDA:217,26,0,45
BRDA:217,26,1,9
BRDA:243,27,0,1
BRDA:243,27,1,44
BRDA:243,28,0,0
BRDA:243,28,1,44
BRF:56
BRH:52
end_of_record
TN:
SF:src\components\BugItem.jsx
FN:4,(anonymous_0)
FN:5,(anonymous_1)
FN:15,(anonymous_2)
FN:25,(anonymous_3)
FN:35,(anonymous_4)
FN:40,(anonymous_5)
FN:45,(anonymous_6)
FN:114,(anonymous_7)
FN:127,(anonymous_8)
FNF:9
FNH:9
FNDA:92,(anonymous_0)
FNDA:92,(anonymous_1)
FNDA:92,(anonymous_2)
FNDA:184,(anonymous_3)
FNDA:2,(anonymous_4)
FNDA:1,(anonymous_5)
FNDA:2,(anonymous_6)
FNDA:153,(anonymous_7)
FNDA:2,(anonymous_8)
DA:4,2
DA:5,92
DA:6,92
DA:7,69
DA:8,1
DA:9,21
DA:10,1
DA:11,0
DA:15,92
DA:16,92
DA:17,1
DA:18,24
DA:19,43
DA:20,24
DA:21,0
DA:25,92
DA:26,184
DA:35,92
DA:36,2
DA:37,2
DA:40,92
DA:41,1
DA:42,1
DA:45,92
DA:46,2
DA:47,2
DA:48,1
DA:52,92
DA:115,153
DA:127,2
DA:140,2
LF:31
LH:29
BRDA:6,0,0,69
BRDA:6,0,1,1
BRDA:6,0,2,21
BRDA:6,0,3,1
BRDA:6,0,4,0
BRDA:16,1,0,1
BRDA:16,1,1,24
BRDA:16,1,2,43
BRDA:16,1,3,24
BRDA:16,1,4,0
BRDA:47,2,0,1
BRDA:47,2,1,1
BRDA:85,3,0,1
BRDA:85,3,1,91
BRDA:96,4,0,92
BRDA:96,4,1,19
BRDA:112,5,0,92
BRDA:112,5,1,90
BRDA:112,5,2,88
BRF:19
BRH:17
end_of_record
TN:
SF:src\components\BugList.jsx
FN:5,(anonymous_0)
FN:14,(anonymous_1)
FN:19,(anonymous_2)
FN:24,(anonymous_3)
FN:30,(anonymous_4)
FN:35,(anonymous_5)
FN:43,(anonymous_6)
FN:45,(anonymous_7)
FN:51,(anonymous_8)
FN:64,(anonymous_9)
FN:156,(anonymous_10)
FNF:11
FNH:10
FNDA:40,(anonymous_0)
FNDA:20,(anonymous_1)
FNDA:9,(anonymous_2)
FNDA:3,(anonymous_3)
FNDA:11,(anonymous_4)
FNDA:10,(anonymous_5)
FNDA:7,(anonymous_6)
FNDA:7,(anonymous_7)
FNDA:1,(anonymous_8)
FNDA:0,(anonymous_9)
FNDA:72,(anonymous_10)
DA:5,1
DA:6,40
DA:12,40
DA:14,40
DA:15,20
DA:18,20
DA:19,9
DA:23,20
DA:24,3
DA:28,20
DA:29,4
DA:30,4
DA:31,11
DA:35,10
DA:39,20
DA:40,20
DA:43,40
DA:44,7
DA:45,7
DA:51,40
DA:52,1
DA:59,40
DA:60,2
DA:64,0
DA:71,38
DA:157,72
DA:171,1
LF:27
LH:26
BRDA:18,0,0,3
BRDA:18,0,1,17
BRDA:23,1,0,1
BRDA:23,1,1,19
BRDA:28,2,0,4
BRDA:28,2,1,16
BRDA:31,3,0,11
BRDA:31,3,1,8
BRDA:31,3,2,8
BRDA:31,3,3,7
BRDA:31,3,4,0
BRDA:31,3,5,7
BRDA:31,3,6,7
BRDA:59,4,0,2
BRDA:59,4,1,38
BRDA:124,5,0,38
BRDA:124,5,1,32
BRDA:124,5,2,30
BRDA:124,5,3,14
BRDA:136,6,0,2
BRDA:136,6,1,36
BRDA:140,7,0,5
BRDA:140,7,1,31
BRDA:142,8,0,4
BRDA:142,8,1,1
BRF:25
BRH:24
end_of_record
TN:
SF:src\components\ErrorBoundary.jsx
FN:5,(anonymous_0)
FN:10,(anonymous_1)
FN:15,(anonymous_2)
FN:28,(anonymous_3)
FN:32,(anonymous_4)
FN:61,(anonymous_5)
FNF:6
FNH:5
FNDA:13,(anonymous_0)
FNDA:13,(anonymous_1)
FNDA:7,(anonymous_2)
FNDA:1,(anonymous_3)
FNDA:32,(anonymous_4)
FNDA:0,(anonymous_5)
DA:6,13
DA:7,12
DA:12,13
DA:17,7
DA:19,7
DA:28,12
DA:29,1
DA:33,32
DA:35,19
DA:61,0
DA:73,13
DA:77,1
LF:12
LH:11
BRDA:33,0,0,19
BRDA:33,0,1,13
BRDA:41,1,0,19
BRDA:41,1,1,3
BRDA:45,2,0,3
BRDA:45,2,1,1
BRF:6
BRH:6
end_of_record
TN:
SF:src\services\api.js
FN:11,(anonymous_0)
FN:45,(anonymous_1)
FN:56,(anonymous_2)
FN:66,(anonymous_3)
FN:79,(anonymous_4)
FN:92,(anonymous_5)
FN:105,(anonymous_6)
FNF:7
FNH:0
FNDA:0,(anonymous_0)
FNDA:0,(anonymous_1)
FNDA:0,(anonymous_2)
FNDA:0,(anonymous_3)
FNDA:0,(anonymous_4)
FNDA:0,(anonymous_5)
FNDA:0,(anonymous_6)
DA:3,1
DA:11,1
DA:12,0
DA:13,0
DA:21,0
DA:23,0
DA:24,0
DA:25,0
DA:27,0
DA:29,0
DA:30,0
DA:33,0
DA:35,0
DA:36,0
DA:45,1
DA:46,0
DA:47,0
DA:48,0
DA:56,1
DA:57,0
DA:58,0
DA:66,1
DA:67,0
DA:79,1
DA:80,0
DA:81,0
DA:92,1
DA:93,0
DA:94,0
DA:105,1
DA:106,0
DA:107,0
DA:109,0
DA:116,1
LF:34
LH:9
BRDA:3,0,0,1
BRDA:3,0,1,1
BRDA:11,1,0,0
BRDA:21,2,0,0
BRDA:21,2,1,0
BRDA:29,3,0,0
BRDA:29,3,1,0
BRDA:30,4,0,0
BRDA:30,4,1,0
BRDA:45,5,0,0
BRDA:47,6,0,0
BRDA:47,6,1,0
BRDA:57,7,0,0
BRDA:57,7,1,0
BRDA:80,8,0,0
BRDA:80,8,1,0
BRDA:93,9,0,0
BRDA:93,9,1,0
BRDA:106,10,0,0
BRDA:106,10,1,0
BRDA:107,11,0,0
BRDA:107,11,1,0
BRF:22
BRH:2
end_of_record
